2024-10-07T13:31:34.854Z P:8088 T:4404] SyncServiceImpl::ResetEngine,Reset engine with reason: 8
2024-10-07T13:31:34.854Z P:8088 T:4404] ModelLoadManager::Stop,Stopped: Bookmarks
2024-10-07T13:31:34.854Z P:8088 T:4404] ModelLoadManager::Stop,Stopped: Preferences
2024-10-07T13:31:34.854Z P:8088 T:4404] ModelLoadManager::Stop,Stopped: Passwords
2024-10-07T13:31:34.854Z P:8088 T:4404] ModelLoadManager::Stop,Stopped: Autofill Profiles
2024-10-07T13:31:34.854Z P:8088 T:4404] ModelLoadManager::Stop,Stopped: Autofill
2024-10-07T13:31:34.854Z P:8088 T:4404] ModelLoadManager::Stop,Stopped: Typed URLs
2024-10-07T13:31:34.854Z P:8088 T:4404] ModelLoadManager::Stop,Stopped: Extensions
2024-10-07T13:31:34.854Z P:8088 T:4404] ModelLoadManager::Stop,Stopped: Sessions
2024-10-07T13:31:34.854Z P:8088 T:4404] ModelLoadManager::Stop,Stopped: Extension settings
2024-10-07T13:31:34.854Z P:8088 T:4404] ModelLoadManager::Stop,Stopped: History Delete Directives
2024-10-07T13:31:34.854Z P:8088 T:4404] ModelLoadManager::Stop,Stopped: Device Info
2024-10-07T13:31:34.854Z P:8088 T:4404] ModelLoadManager::Stop,Stopped: User Consents
2024-10-07T13:31:34.854Z P:8088 T:4404] ModelLoadManager::Stop,Stopped: Send Tab To Self
2024-10-07T13:31:34.854Z P:8088 T:4404] ModelLoadManager::Stop,Stopped: Web Apps
2024-10-07T13:31:34.854Z P:8088 T:4404] ModelLoadManager::Stop,Stopped: History
2024-10-07T13:31:34.854Z P:8088 T:4404] ModelLoadManager::Stop,Stopped: Collection
2024-10-07T13:31:34.854Z P:8088 T:4404] ModelLoadManager::Stop,Stopped: Edge E Drop
2024-10-07T13:31:34.854Z P:8088 T:4404] ModelLoadManager::Stop,Stopped: Edge Hub App Usage
2024-10-07T13:31:34.854Z P:8088 T:4404] ModelLoadManager::Stop,Stopped: Edge Tab Group
2024-10-07T13:31:34.854Z P:8088 T:4404] ModelLoadManager::Stop,Stopped: Edge Wallet
2024-10-07T13:31:34.854Z P:8088 T:4404] SyncServiceImpl::Initialize,SyncState after authenticated was: NotSignedIn
2024-10-07T13:31:34.854Z P:8088 T:4404] SyncServiceImpl::ResetEngine,Reset engine with reason: 3
2024-10-07T13:31:34.854Z P:8088 T:4404] ModelLoadManager::Stop,Stopped: Bookmarks
2024-10-07T13:31:34.854Z P:8088 T:4404] ModelLoadManager::Stop,Stopped: Preferences
2024-10-07T13:31:34.854Z P:8088 T:4404] ModelLoadManager::Stop,Stopped: Passwords
2024-10-07T13:31:34.854Z P:8088 T:4404] ModelLoadManager::Stop,Stopped: Autofill Profiles
2024-10-07T13:31:34.854Z P:8088 T:4404] ModelLoadManager::Stop,Stopped: Autofill
2024-10-07T13:31:34.854Z P:8088 T:4404] ModelLoadManager::Stop,Stopped: Typed URLs
2024-10-07T13:31:34.854Z P:8088 T:4404] ModelLoadManager::Stop,Stopped: Extensions
2024-10-07T13:31:34.854Z P:8088 T:4404] ModelLoadManager::Stop,Stopped: Sessions
2024-10-07T13:31:34.854Z P:8088 T:4404] ModelLoadManager::Stop,Stopped: Extension settings
2024-10-07T13:31:34.854Z P:8088 T:4404] ModelLoadManager::Stop,Stopped: History Delete Directives
2024-10-07T13:31:34.854Z P:8088 T:4404] ModelLoadManager::Stop,Stopped: Device Info
2024-10-07T13:31:34.854Z P:8088 T:4404] ModelLoadManager::Stop,Stopped: User Consents
2024-10-07T13:31:34.854Z P:8088 T:4404] ModelLoadManager::Stop,Stopped: Send Tab To Self
2024-10-07T13:31:34.854Z P:8088 T:4404] ModelLoadManager::Stop,Stopped: Web Apps
2024-10-07T13:31:34.854Z P:8088 T:4404] ModelLoadManager::Stop,Stopped: History
2024-10-07T13:31:34.854Z P:8088 T:4404] ModelLoadManager::Stop,Stopped: Collection
2024-10-07T13:31:34.854Z P:8088 T:4404] ModelLoadManager::Stop,Stopped: Edge E Drop
2024-10-07T13:31:34.854Z P:8088 T:4404] ModelLoadManager::Stop,Stopped: Edge Hub App Usage
2024-10-07T13:31:34.854Z P:8088 T:4404] ModelLoadManager::Stop,Stopped: Edge Tab Group
2024-10-07T13:31:34.854Z P:8088 T:4404] ModelLoadManager::Stop,Stopped: Edge Wallet
2024-10-07T13:31:35.144Z P:8088 T:4404] SyncServiceImpl::ResetEngine,Reset engine with reason: 8
2024-10-07T13:31:35.144Z P:8088 T:4404] ModelLoadManager::Stop,Stopped: Bookmarks
2024-10-07T13:31:35.144Z P:8088 T:4404] ModelLoadManager::Stop,Stopped: Preferences
2024-10-07T13:31:35.144Z P:8088 T:4404] ModelLoadManager::Stop,Stopped: Passwords
2024-10-07T13:31:35.144Z P:8088 T:4404] ModelLoadManager::Stop,Stopped: Autofill Profiles
2024-10-07T13:31:35.144Z P:8088 T:4404] ModelLoadManager::Stop,Stopped: Autofill
2024-10-07T13:31:35.144Z P:8088 T:4404] ModelLoadManager::Stop,Stopped: Typed URLs
2024-10-07T13:31:35.144Z P:8088 T:4404] ModelLoadManager::Stop,Stopped: Extensions
2024-10-07T13:31:35.144Z P:8088 T:4404] ModelLoadManager::Stop,Stopped: Sessions
2024-10-07T13:31:35.144Z P:8088 T:4404] ModelLoadManager::Stop,Stopped: Extension settings
2024-10-07T13:31:35.144Z P:8088 T:4404] ModelLoadManager::Stop,Stopped: History Delete Directives
2024-10-07T13:31:35.144Z P:8088 T:4404] ModelLoadManager::Stop,Stopped: Device Info
2024-10-07T13:31:35.144Z P:8088 T:4404] ModelLoadManager::Stop,Stopped: User Consents
2024-10-07T13:31:35.144Z P:8088 T:4404] ModelLoadManager::Stop,Stopped: Send Tab To Self
2024-10-07T13:31:35.144Z P:8088 T:4404] ModelLoadManager::Stop,Stopped: Web Apps
2024-10-07T13:31:35.144Z P:8088 T:4404] ModelLoadManager::Stop,Stopped: History
2024-10-07T13:31:35.144Z P:8088 T:4404] ModelLoadManager::Stop,Stopped: Collection
2024-10-07T13:31:35.144Z P:8088 T:4404] ModelLoadManager::Stop,Stopped: Edge E Drop
2024-10-07T13:31:35.144Z P:8088 T:4404] ModelLoadManager::Stop,Stopped: Edge Hub App Usage
2024-10-07T13:31:35.144Z P:8088 T:4404] ModelLoadManager::Stop,Stopped: Edge Tab Group
2024-10-07T13:31:35.144Z P:8088 T:4404] ModelLoadManager::Stop,Stopped: Edge Wallet
2024-10-07T13:34:50.406Z P:8088 T:4404] SyncServiceImpl::ResetEngine,Reset engine with reason: 0
2024-10-07T13:35:14.668Z P:12208 T:5852] SyncServiceImpl::ResetEngine,Reset engine with reason: 8
2024-10-07T13:35:14.668Z P:12208 T:5852] ModelLoadManager::Stop,Stopped: Bookmarks
2024-10-07T13:35:14.668Z P:12208 T:5852] ModelLoadManager::Stop,Stopped: Preferences
2024-10-07T13:35:14.668Z P:12208 T:5852] ModelLoadManager::Stop,Stopped: Passwords
2024-10-07T13:35:14.668Z P:12208 T:5852] ModelLoadManager::Stop,Stopped: Autofill Profiles
2024-10-07T13:35:14.668Z P:12208 T:5852] ModelLoadManager::Stop,Stopped: Autofill
2024-10-07T13:35:14.668Z P:12208 T:5852] ModelLoadManager::Stop,Stopped: Typed URLs
2024-10-07T13:35:14.668Z P:12208 T:5852] ModelLoadManager::Stop,Stopped: Extensions
2024-10-07T13:35:14.668Z P:12208 T:5852] ModelLoadManager::Stop,Stopped: Sessions
2024-10-07T13:35:14.668Z P:12208 T:5852] ModelLoadManager::Stop,Stopped: Extension settings
2024-10-07T13:35:14.668Z P:12208 T:5852] ModelLoadManager::Stop,Stopped: History Delete Directives
2024-10-07T13:35:14.668Z P:12208 T:5852] ModelLoadManager::Stop,Stopped: Device Info
2024-10-07T13:35:14.668Z P:12208 T:5852] ModelLoadManager::Stop,Stopped: User Consents
2024-10-07T13:35:14.668Z P:12208 T:5852] ModelLoadManager::Stop,Stopped: Send Tab To Self
2024-10-07T13:35:14.668Z P:12208 T:5852] ModelLoadManager::Stop,Stopped: Web Apps
2024-10-07T13:35:14.668Z P:12208 T:5852] ModelLoadManager::Stop,Stopped: History
2024-10-07T13:35:14.668Z P:12208 T:5852] ModelLoadManager::Stop,Stopped: Collection
2024-10-07T13:35:14.672Z P:12208 T:5852] ModelLoadManager::Stop,Stopped: Edge E Drop
2024-10-07T13:35:14.672Z P:12208 T:5852] ModelLoadManager::Stop,Stopped: Edge Hub App Usage
2024-10-07T13:35:14.672Z P:12208 T:5852] ModelLoadManager::Stop,Stopped: Edge Tab Group
2024-10-07T13:35:14.672Z P:12208 T:5852] ModelLoadManager::Stop,Stopped: Edge Wallet
2024-10-07T13:35:14.672Z P:12208 T:5852] SyncServiceImpl::Initialize,SyncState after authenticated was: NotSignedIn
2024-10-07T13:35:14.906Z P:12208 T:5852] SyncServiceImpl::ResetEngine,Reset engine with reason: 8
2024-10-07T13:35:14.906Z P:12208 T:5852] ModelLoadManager::Stop,Stopped: Bookmarks
2024-10-07T13:35:14.906Z P:12208 T:5852] ModelLoadManager::Stop,Stopped: Preferences
2024-10-07T13:35:14.906Z P:12208 T:5852] ModelLoadManager::Stop,Stopped: Passwords
2024-10-07T13:35:14.906Z P:12208 T:5852] ModelLoadManager::Stop,Stopped: Autofill Profiles
2024-10-07T13:35:14.906Z P:12208 T:5852] ModelLoadManager::Stop,Stopped: Autofill
2024-10-07T13:35:14.906Z P:12208 T:5852] ModelLoadManager::Stop,Stopped: Typed URLs
2024-10-07T13:35:14.907Z P:12208 T:5852] ModelLoadManager::Stop,Stopped: Extensions
2024-10-07T13:35:14.907Z P:12208 T:5852] ModelLoadManager::Stop,Stopped: Sessions
2024-10-07T13:35:14.907Z P:12208 T:5852] ModelLoadManager::Stop,Stopped: Extension settings
2024-10-07T13:35:14.907Z P:12208 T:5852] ModelLoadManager::Stop,Stopped: History Delete Directives
2024-10-07T13:35:14.907Z P:12208 T:5852] ModelLoadManager::Stop,Stopped: Device Info
2024-10-07T13:35:14.907Z P:12208 T:5852] ModelLoadManager::Stop,Stopped: User Consents
2024-10-07T13:35:14.907Z P:12208 T:5852] ModelLoadManager::Stop,Stopped: Send Tab To Self
2024-10-07T13:35:14.907Z P:12208 T:5852] ModelLoadManager::Stop,Stopped: Web Apps
2024-10-07T13:35:14.907Z P:12208 T:5852] ModelLoadManager::Stop,Stopped: History
2024-10-07T13:35:14.907Z P:12208 T:5852] ModelLoadManager::Stop,Stopped: Collection
2024-10-07T13:35:14.907Z P:12208 T:5852] ModelLoadManager::Stop,Stopped: Edge E Drop
2024-10-07T13:35:14.907Z P:12208 T:5852] ModelLoadManager::Stop,Stopped: Edge Hub App Usage
2024-10-07T13:35:14.907Z P:12208 T:5852] ModelLoadManager::Stop,Stopped: Edge Tab Group
2024-10-07T13:35:14.907Z P:12208 T:5852] ModelLoadManager::Stop,Stopped: Edge Wallet
2024-10-07T13:37:00.850Z P:12208 T:5852] SyncServiceImpl::ResetEngine,Reset engine with reason: 0
2024-10-07T13:37:26.310Z P:444 T:15576] SyncServiceImpl::ResetEngine,Reset engine with reason: 8
2024-10-07T13:37:26.310Z P:444 T:15576] ModelLoadManager::Stop,Stopped: Bookmarks
2024-10-07T13:37:26.310Z P:444 T:15576] ModelLoadManager::Stop,Stopped: Preferences
2024-10-07T13:37:26.310Z P:444 T:15576] ModelLoadManager::Stop,Stopped: Passwords
2024-10-07T13:37:26.310Z P:444 T:15576] ModelLoadManager::Stop,Stopped: Autofill Profiles
2024-10-07T13:37:26.310Z P:444 T:15576] ModelLoadManager::Stop,Stopped: Autofill
2024-10-07T13:37:26.310Z P:444 T:15576] ModelLoadManager::Stop,Stopped: Typed URLs
2024-10-07T13:37:26.310Z P:444 T:15576] ModelLoadManager::Stop,Stopped: Extensions
2024-10-07T13:37:26.310Z P:444 T:15576] ModelLoadManager::Stop,Stopped: Sessions
2024-10-07T13:37:26.310Z P:444 T:15576] ModelLoadManager::Stop,Stopped: Extension settings
2024-10-07T13:37:26.310Z P:444 T:15576] ModelLoadManager::Stop,Stopped: History Delete Directives
2024-10-07T13:37:26.310Z P:444 T:15576] ModelLoadManager::Stop,Stopped: Device Info
2024-10-07T13:37:26.310Z P:444 T:15576] ModelLoadManager::Stop,Stopped: User Consents
2024-10-07T13:37:26.310Z P:444 T:15576] ModelLoadManager::Stop,Stopped: Send Tab To Self
2024-10-07T13:37:26.310Z P:444 T:15576] ModelLoadManager::Stop,Stopped: Web Apps
2024-10-07T13:37:26.310Z P:444 T:15576] ModelLoadManager::Stop,Stopped: History
2024-10-07T13:37:26.310Z P:444 T:15576] ModelLoadManager::Stop,Stopped: Collection
2024-10-07T13:37:26.310Z P:444 T:15576] ModelLoadManager::Stop,Stopped: Edge E Drop
2024-10-07T13:37:26.310Z P:444 T:15576] ModelLoadManager::Stop,Stopped: Edge Hub App Usage
2024-10-07T13:37:26.310Z P:444 T:15576] ModelLoadManager::Stop,Stopped: Edge Tab Group
2024-10-07T13:37:26.310Z P:444 T:15576] ModelLoadManager::Stop,Stopped: Edge Wallet
2024-10-07T13:37:26.310Z P:444 T:15576] SyncServiceImpl::Initialize,SyncState after authenticated was: NotSignedIn
2024-10-07T13:37:26.540Z P:444 T:15576] SyncServiceImpl::ResetEngine,Reset engine with reason: 8
2024-10-07T13:37:26.540Z P:444 T:15576] ModelLoadManager::Stop,Stopped: Bookmarks
2024-10-07T13:37:26.540Z P:444 T:15576] ModelLoadManager::Stop,Stopped: Preferences
2024-10-07T13:37:26.540Z P:444 T:15576] ModelLoadManager::Stop,Stopped: Passwords
2024-10-07T13:37:26.540Z P:444 T:15576] ModelLoadManager::Stop,Stopped: Autofill Profiles
2024-10-07T13:37:26.540Z P:444 T:15576] ModelLoadManager::Stop,Stopped: Autofill
2024-10-07T13:37:26.540Z P:444 T:15576] ModelLoadManager::Stop,Stopped: Typed URLs
2024-10-07T13:37:26.540Z P:444 T:15576] ModelLoadManager::Stop,Stopped: Extensions
2024-10-07T13:37:26.540Z P:444 T:15576] ModelLoadManager::Stop,Stopped: Sessions
2024-10-07T13:37:26.540Z P:444 T:15576] ModelLoadManager::Stop,Stopped: Extension settings
2024-10-07T13:37:26.540Z P:444 T:15576] ModelLoadManager::Stop,Stopped: History Delete Directives
2024-10-07T13:37:26.540Z P:444 T:15576] ModelLoadManager::Stop,Stopped: Device Info
2024-10-07T13:37:26.540Z P:444 T:15576] ModelLoadManager::Stop,Stopped: User Consents
2024-10-07T13:37:26.540Z P:444 T:15576] ModelLoadManager::Stop,Stopped: Send Tab To Self
2024-10-07T13:37:26.540Z P:444 T:15576] ModelLoadManager::Stop,Stopped: Web Apps
2024-10-07T13:37:26.540Z P:444 T:15576] ModelLoadManager::Stop,Stopped: History
2024-10-07T13:37:26.540Z P:444 T:15576] ModelLoadManager::Stop,Stopped: Collection
2024-10-07T13:37:26.540Z P:444 T:15576] ModelLoadManager::Stop,Stopped: Edge E Drop
2024-10-07T13:37:26.540Z P:444 T:15576] ModelLoadManager::Stop,Stopped: Edge Hub App Usage
2024-10-07T13:37:26.540Z P:444 T:15576] ModelLoadManager::Stop,Stopped: Edge Tab Group
2024-10-07T13:37:26.540Z P:444 T:15576] ModelLoadManager::Stop,Stopped: Edge Wallet
2024-10-07T13:38:13.359Z P:444 T:15576] SyncServiceImpl::ResetEngine,Reset engine with reason: 0
2024-10-07T13:46:55.737Z P:2372 T:6592] SyncServiceImpl::ResetEngine,Reset engine with reason: 8
2024-10-07T13:46:55.737Z P:2372 T:6592] ModelLoadManager::Stop,Stopped: Bookmarks
2024-10-07T13:46:55.738Z P:2372 T:6592] ModelLoadManager::Stop,Stopped: Preferences
2024-10-07T13:46:55.738Z P:2372 T:6592] ModelLoadManager::Stop,Stopped: Passwords
2024-10-07T13:46:55.738Z P:2372 T:6592] ModelLoadManager::Stop,Stopped: Autofill Profiles
2024-10-07T13:46:55.738Z P:2372 T:6592] ModelLoadManager::Stop,Stopped: Autofill
2024-10-07T13:46:55.738Z P:2372 T:6592] ModelLoadManager::Stop,Stopped: Typed URLs
2024-10-07T13:46:55.738Z P:2372 T:6592] ModelLoadManager::Stop,Stopped: Extensions
2024-10-07T13:46:55.738Z P:2372 T:6592] ModelLoadManager::Stop,Stopped: Sessions
2024-10-07T13:46:55.738Z P:2372 T:6592] ModelLoadManager::Stop,Stopped: Extension settings
2024-10-07T13:46:55.738Z P:2372 T:6592] ModelLoadManager::Stop,Stopped: History Delete Directives
2024-10-07T13:46:55.738Z P:2372 T:6592] ModelLoadManager::Stop,Stopped: Device Info
2024-10-07T13:46:55.738Z P:2372 T:6592] ModelLoadManager::Stop,Stopped: User Consents
2024-10-07T13:46:55.738Z P:2372 T:6592] ModelLoadManager::Stop,Stopped: Send Tab To Self
2024-10-07T13:46:55.738Z P:2372 T:6592] ModelLoadManager::Stop,Stopped: Web Apps
2024-10-07T13:46:55.738Z P:2372 T:6592] ModelLoadManager::Stop,Stopped: History
2024-10-07T13:46:55.738Z P:2372 T:6592] ModelLoadManager::Stop,Stopped: Collection
2024-10-07T13:46:55.738Z P:2372 T:6592] ModelLoadManager::Stop,Stopped: Edge E Drop
2024-10-07T13:46:55.738Z P:2372 T:6592] ModelLoadManager::Stop,Stopped: Edge Hub App Usage
2024-10-07T13:46:55.738Z P:2372 T:6592] ModelLoadManager::Stop,Stopped: Edge Tab Group
2024-10-07T13:46:55.738Z P:2372 T:6592] ModelLoadManager::Stop,Stopped: Edge Wallet
2024-10-07T13:46:55.738Z P:2372 T:6592] SyncServiceImpl::Initialize,SyncState after authenticated was: NotSignedIn
2024-10-07T13:46:55.981Z P:2372 T:6592] SyncServiceImpl::ResetEngine,Reset engine with reason: 8
2024-10-07T13:46:55.981Z P:2372 T:6592] ModelLoadManager::Stop,Stopped: Bookmarks
2024-10-07T13:46:55.981Z P:2372 T:6592] ModelLoadManager::Stop,Stopped: Preferences
2024-10-07T13:46:55.981Z P:2372 T:6592] ModelLoadManager::Stop,Stopped: Passwords
2024-10-07T13:46:55.981Z P:2372 T:6592] ModelLoadManager::Stop,Stopped: Autofill Profiles
2024-10-07T13:46:55.981Z P:2372 T:6592] ModelLoadManager::Stop,Stopped: Autofill
2024-10-07T13:46:55.981Z P:2372 T:6592] ModelLoadManager::Stop,Stopped: Typed URLs
2024-10-07T13:46:55.981Z P:2372 T:6592] ModelLoadManager::Stop,Stopped: Extensions
2024-10-07T13:46:55.981Z P:2372 T:6592] ModelLoadManager::Stop,Stopped: Sessions
2024-10-07T13:46:55.981Z P:2372 T:6592] ModelLoadManager::Stop,Stopped: Extension settings
2024-10-07T13:46:55.981Z P:2372 T:6592] ModelLoadManager::Stop,Stopped: History Delete Directives
2024-10-07T13:46:55.981Z P:2372 T:6592] ModelLoadManager::Stop,Stopped: Device Info
2024-10-07T13:46:55.981Z P:2372 T:6592] ModelLoadManager::Stop,Stopped: User Consents
2024-10-07T13:46:55.981Z P:2372 T:6592] ModelLoadManager::Stop,Stopped: Send Tab To Self
2024-10-07T13:46:55.981Z P:2372 T:6592] ModelLoadManager::Stop,Stopped: Web Apps
2024-10-07T13:46:55.981Z P:2372 T:6592] ModelLoadManager::Stop,Stopped: History
2024-10-07T13:46:55.981Z P:2372 T:6592] ModelLoadManager::Stop,Stopped: Collection
2024-10-07T13:46:55.981Z P:2372 T:6592] ModelLoadManager::Stop,Stopped: Edge E Drop
2024-10-07T13:46:55.981Z P:2372 T:6592] ModelLoadManager::Stop,Stopped: Edge Hub App Usage
2024-10-07T13:46:55.981Z P:2372 T:6592] ModelLoadManager::Stop,Stopped: Edge Tab Group
2024-10-07T13:46:55.981Z P:2372 T:6592] ModelLoadManager::Stop,Stopped: Edge Wallet
2024-10-07T14:10:51.944Z P:2372 T:6592] SyncServiceImpl::ResetEngine,Reset engine with reason: 0
2024-10-07T14:12:30.435Z P:9828 T:3212] SyncServiceImpl::ResetEngine,Reset engine with reason: 8
2024-10-07T14:12:30.435Z P:9828 T:3212] ModelLoadManager::Stop,Stopped: Bookmarks
2024-10-07T14:12:30.435Z P:9828 T:3212] ModelLoadManager::Stop,Stopped: Preferences
2024-10-07T14:12:30.435Z P:9828 T:3212] ModelLoadManager::Stop,Stopped: Passwords
2024-10-07T14:12:30.435Z P:9828 T:3212] ModelLoadManager::Stop,Stopped: Autofill Profiles
2024-10-07T14:12:30.435Z P:9828 T:3212] ModelLoadManager::Stop,Stopped: Autofill
2024-10-07T14:12:30.435Z P:9828 T:3212] ModelLoadManager::Stop,Stopped: Typed URLs
2024-10-07T14:12:30.435Z P:9828 T:3212] ModelLoadManager::Stop,Stopped: Extensions
2024-10-07T14:12:30.435Z P:9828 T:3212] ModelLoadManager::Stop,Stopped: Sessions
2024-10-07T14:12:30.436Z P:9828 T:3212] ModelLoadManager::Stop,Stopped: Extension settings
2024-10-07T14:12:30.436Z P:9828 T:3212] ModelLoadManager::Stop,Stopped: History Delete Directives
2024-10-07T14:12:30.436Z P:9828 T:3212] ModelLoadManager::Stop,Stopped: Device Info
2024-10-07T14:12:30.436Z P:9828 T:3212] ModelLoadManager::Stop,Stopped: User Consents
2024-10-07T14:12:30.436Z P:9828 T:3212] ModelLoadManager::Stop,Stopped: Send Tab To Self
2024-10-07T14:12:30.436Z P:9828 T:3212] ModelLoadManager::Stop,Stopped: Web Apps
2024-10-07T14:12:30.436Z P:9828 T:3212] ModelLoadManager::Stop,Stopped: History
2024-10-07T14:12:30.436Z P:9828 T:3212] ModelLoadManager::Stop,Stopped: Collection
2024-10-07T14:12:30.436Z P:9828 T:3212] ModelLoadManager::Stop,Stopped: Edge E Drop
2024-10-07T14:12:30.436Z P:9828 T:3212] ModelLoadManager::Stop,Stopped: Edge Hub App Usage
2024-10-07T14:12:30.436Z P:9828 T:3212] ModelLoadManager::Stop,Stopped: Edge Tab Group
2024-10-07T14:12:30.436Z P:9828 T:3212] ModelLoadManager::Stop,Stopped: Edge Wallet
2024-10-07T14:12:30.436Z P:9828 T:3212] SyncServiceImpl::Initialize,SyncState after authenticated was: NotSignedIn
2024-10-07T14:12:30.684Z P:9828 T:3212] SyncServiceImpl::ResetEngine,Reset engine with reason: 8
2024-10-07T14:12:30.684Z P:9828 T:3212] ModelLoadManager::Stop,Stopped: Bookmarks
2024-10-07T14:12:30.684Z P:9828 T:3212] ModelLoadManager::Stop,Stopped: Preferences
2024-10-07T14:12:30.684Z P:9828 T:3212] ModelLoadManager::Stop,Stopped: Passwords
2024-10-07T14:12:30.684Z P:9828 T:3212] ModelLoadManager::Stop,Stopped: Autofill Profiles
2024-10-07T14:12:30.684Z P:9828 T:3212] ModelLoadManager::Stop,Stopped: Autofill
2024-10-07T14:12:30.684Z P:9828 T:3212] ModelLoadManager::Stop,Stopped: Typed URLs
2024-10-07T14:12:30.684Z P:9828 T:3212] ModelLoadManager::Stop,Stopped: Extensions
2024-10-07T14:12:30.684Z P:9828 T:3212] ModelLoadManager::Stop,Stopped: Sessions
2024-10-07T14:12:30.684Z P:9828 T:3212] ModelLoadManager::Stop,Stopped: Extension settings
2024-10-07T14:12:30.684Z P:9828 T:3212] ModelLoadManager::Stop,Stopped: History Delete Directives
2024-10-07T14:12:30.684Z P:9828 T:3212] ModelLoadManager::Stop,Stopped: Device Info
2024-10-07T14:12:30.684Z P:9828 T:3212] ModelLoadManager::Stop,Stopped: User Consents
2024-10-07T14:12:30.684Z P:9828 T:3212] ModelLoadManager::Stop,Stopped: Send Tab To Self
2024-10-07T14:12:30.684Z P:9828 T:3212] ModelLoadManager::Stop,Stopped: Web Apps
2024-10-07T14:12:30.684Z P:9828 T:3212] ModelLoadManager::Stop,Stopped: History
2024-10-07T14:12:30.684Z P:9828 T:3212] ModelLoadManager::Stop,Stopped: Collection
2024-10-07T14:12:30.684Z P:9828 T:3212] ModelLoadManager::Stop,Stopped: Edge E Drop
2024-10-07T14:12:30.684Z P:9828 T:3212] ModelLoadManager::Stop,Stopped: Edge Hub App Usage
2024-10-07T14:12:30.684Z P:9828 T:3212] ModelLoadManager::Stop,Stopped: Edge Tab Group
2024-10-07T14:12:30.684Z P:9828 T:3212] ModelLoadManager::Stop,Stopped: Edge Wallet
2024-10-07T14:24:30.177Z P:9828 T:3212] SyncServiceImpl::ResetEngine,Reset engine with reason: 0
2024-10-07T14:24:56.049Z P:2944 T:2512] SyncServiceImpl::ResetEngine,Reset engine with reason: 8
2024-10-07T14:24:56.049Z P:2944 T:2512] ModelLoadManager::Stop,Stopped: Bookmarks
2024-10-07T14:24:56.049Z P:2944 T:2512] ModelLoadManager::Stop,Stopped: Preferences
2024-10-07T14:24:56.049Z P:2944 T:2512] ModelLoadManager::Stop,Stopped: Passwords
2024-10-07T14:24:56.049Z P:2944 T:2512] ModelLoadManager::Stop,Stopped: Autofill Profiles
2024-10-07T14:24:56.049Z P:2944 T:2512] ModelLoadManager::Stop,Stopped: Autofill
2024-10-07T14:24:56.049Z P:2944 T:2512] ModelLoadManager::Stop,Stopped: Typed URLs
2024-10-07T14:24:56.049Z P:2944 T:2512] ModelLoadManager::Stop,Stopped: Extensions
2024-10-07T14:24:56.049Z P:2944 T:2512] ModelLoadManager::Stop,Stopped: Sessions
2024-10-07T14:24:56.049Z P:2944 T:2512] ModelLoadManager::Stop,Stopped: Extension settings
2024-10-07T14:24:56.049Z P:2944 T:2512] ModelLoadManager::Stop,Stopped: History Delete Directives
2024-10-07T14:24:56.049Z P:2944 T:2512] ModelLoadManager::Stop,Stopped: Device Info
2024-10-07T14:24:56.049Z P:2944 T:2512] ModelLoadManager::Stop,Stopped: User Consents
2024-10-07T14:24:56.049Z P:2944 T:2512] ModelLoadManager::Stop,Stopped: Send Tab To Self
2024-10-07T14:24:56.049Z P:2944 T:2512] ModelLoadManager::Stop,Stopped: Web Apps
2024-10-07T14:24:56.049Z P:2944 T:2512] ModelLoadManager::Stop,Stopped: History
2024-10-07T14:24:56.049Z P:2944 T:2512] ModelLoadManager::Stop,Stopped: Collection
2024-10-07T14:24:56.049Z P:2944 T:2512] ModelLoadManager::Stop,Stopped: Edge E Drop
2024-10-07T14:24:56.049Z P:2944 T:2512] ModelLoadManager::Stop,Stopped: Edge Hub App Usage
2024-10-07T14:24:56.049Z P:2944 T:2512] ModelLoadManager::Stop,Stopped: Edge Tab Group
2024-10-07T14:24:56.049Z P:2944 T:2512] ModelLoadManager::Stop,Stopped: Edge Wallet
2024-10-07T14:24:56.049Z P:2944 T:2512] SyncServiceImpl::Initialize,SyncState after authenticated was: NotSignedIn
2024-10-07T14:24:56.276Z P:2944 T:2512] SyncServiceImpl::ResetEngine,Reset engine with reason: 8
2024-10-07T14:24:56.277Z P:2944 T:2512] ModelLoadManager::Stop,Stopped: Bookmarks
2024-10-07T14:24:56.277Z P:2944 T:2512] ModelLoadManager::Stop,Stopped: Preferences
2024-10-07T14:24:56.277Z P:2944 T:2512] ModelLoadManager::Stop,Stopped: Passwords
2024-10-07T14:24:56.277Z P:2944 T:2512] ModelLoadManager::Stop,Stopped: Autofill Profiles
2024-10-07T14:24:56.277Z P:2944 T:2512] ModelLoadManager::Stop,Stopped: Autofill
2024-10-07T14:24:56.277Z P:2944 T:2512] ModelLoadManager::Stop,Stopped: Typed URLs
2024-10-07T14:24:56.277Z P:2944 T:2512] ModelLoadManager::Stop,Stopped: Extensions
2024-10-07T14:24:56.277Z P:2944 T:2512] ModelLoadManager::Stop,Stopped: Sessions
2024-10-07T14:24:56.277Z P:2944 T:2512] ModelLoadManager::Stop,Stopped: Extension settings
2024-10-07T14:24:56.277Z P:2944 T:2512] ModelLoadManager::Stop,Stopped: History Delete Directives
2024-10-07T14:24:56.277Z P:2944 T:2512] ModelLoadManager::Stop,Stopped: Device Info
2024-10-07T14:24:56.277Z P:2944 T:2512] ModelLoadManager::Stop,Stopped: User Consents
2024-10-07T14:24:56.277Z P:2944 T:2512] ModelLoadManager::Stop,Stopped: Send Tab To Self
2024-10-07T14:24:56.277Z P:2944 T:2512] ModelLoadManager::Stop,Stopped: Web Apps
2024-10-07T14:24:56.277Z P:2944 T:2512] ModelLoadManager::Stop,Stopped: History
2024-10-07T14:24:56.277Z P:2944 T:2512] ModelLoadManager::Stop,Stopped: Collection
2024-10-07T14:24:56.277Z P:2944 T:2512] ModelLoadManager::Stop,Stopped: Edge E Drop
2024-10-07T14:24:56.277Z P:2944 T:2512] ModelLoadManager::Stop,Stopped: Edge Hub App Usage
2024-10-07T14:24:56.277Z P:2944 T:2512] ModelLoadManager::Stop,Stopped: Edge Tab Group
2024-10-07T14:24:56.277Z P:2944 T:2512] ModelLoadManager::Stop,Stopped: Edge Wallet
2024-10-07T14:57:16.692Z P:2944 T:2512] SyncServiceImpl::ResetEngine,Reset engine with reason: 0
2024-10-08T04:36:31.296Z P:16252 T:5264] SyncServiceImpl::ResetEngine,Reset engine with reason: 8
2024-10-08T04:36:31.296Z P:16252 T:5264] ModelLoadManager::Stop,Stopped: Bookmarks
2024-10-08T04:36:31.296Z P:16252 T:5264] ModelLoadManager::Stop,Stopped: Preferences
2024-10-08T04:36:31.296Z P:16252 T:5264] ModelLoadManager::Stop,Stopped: Passwords
2024-10-08T04:36:31.296Z P:16252 T:5264] ModelLoadManager::Stop,Stopped: Autofill Profiles
2024-10-08T04:36:31.296Z P:16252 T:5264] ModelLoadManager::Stop,Stopped: Autofill
2024-10-08T04:36:31.296Z P:16252 T:5264] ModelLoadManager::Stop,Stopped: Typed URLs
2024-10-08T04:36:31.296Z P:16252 T:5264] ModelLoadManager::Stop,Stopped: Extensions
2024-10-08T04:36:31.296Z P:16252 T:5264] ModelLoadManager::Stop,Stopped: Sessions
2024-10-08T04:36:31.296Z P:16252 T:5264] ModelLoadManager::Stop,Stopped: Extension settings
2024-10-08T04:36:31.296Z P:16252 T:5264] ModelLoadManager::Stop,Stopped: History Delete Directives
2024-10-08T04:36:31.296Z P:16252 T:5264] ModelLoadManager::Stop,Stopped: Device Info
2024-10-08T04:36:31.296Z P:16252 T:5264] ModelLoadManager::Stop,Stopped: User Consents
2024-10-08T04:36:31.296Z P:16252 T:5264] ModelLoadManager::Stop,Stopped: Send Tab To Self
2024-10-08T04:36:31.296Z P:16252 T:5264] ModelLoadManager::Stop,Stopped: Web Apps
2024-10-08T04:36:31.296Z P:16252 T:5264] ModelLoadManager::Stop,Stopped: History
2024-10-08T04:36:31.296Z P:16252 T:5264] ModelLoadManager::Stop,Stopped: Collection
2024-10-08T04:36:31.296Z P:16252 T:5264] ModelLoadManager::Stop,Stopped: Edge E Drop
2024-10-08T04:36:31.296Z P:16252 T:5264] ModelLoadManager::Stop,Stopped: Edge Hub App Usage
2024-10-08T04:36:31.296Z P:16252 T:5264] ModelLoadManager::Stop,Stopped: Edge Tab Group
2024-10-08T04:36:31.296Z P:16252 T:5264] ModelLoadManager::Stop,Stopped: Edge Wallet
2024-10-08T04:36:31.296Z P:16252 T:5264] SyncServiceImpl::Initialize,SyncState after authenticated was: NotSignedIn
2024-10-08T04:36:31.563Z P:16252 T:5264] SyncServiceImpl::ResetEngine,Reset engine with reason: 8
2024-10-08T04:36:31.563Z P:16252 T:5264] ModelLoadManager::Stop,Stopped: Bookmarks
2024-10-08T04:36:31.563Z P:16252 T:5264] ModelLoadManager::Stop,Stopped: Preferences
2024-10-08T04:36:31.563Z P:16252 T:5264] ModelLoadManager::Stop,Stopped: Passwords
2024-10-08T04:36:31.563Z P:16252 T:5264] ModelLoadManager::Stop,Stopped: Autofill Profiles
2024-10-08T04:36:31.563Z P:16252 T:5264] ModelLoadManager::Stop,Stopped: Autofill
2024-10-08T04:36:31.563Z P:16252 T:5264] ModelLoadManager::Stop,Stopped: Typed URLs
2024-10-08T04:36:31.563Z P:16252 T:5264] ModelLoadManager::Stop,Stopped: Extensions
2024-10-08T04:36:31.563Z P:16252 T:5264] ModelLoadManager::Stop,Stopped: Sessions
2024-10-08T04:36:31.563Z P:16252 T:5264] ModelLoadManager::Stop,Stopped: Extension settings
2024-10-08T04:36:31.563Z P:16252 T:5264] ModelLoadManager::Stop,Stopped: History Delete Directives
2024-10-08T04:36:31.563Z P:16252 T:5264] ModelLoadManager::Stop,Stopped: Device Info
2024-10-08T04:36:31.563Z P:16252 T:5264] ModelLoadManager::Stop,Stopped: User Consents
2024-10-08T04:36:31.563Z P:16252 T:5264] ModelLoadManager::Stop,Stopped: Send Tab To Self
2024-10-08T04:36:31.563Z P:16252 T:5264] ModelLoadManager::Stop,Stopped: Web Apps
2024-10-08T04:36:31.563Z P:16252 T:5264] ModelLoadManager::Stop,Stopped: History
2024-10-08T04:36:31.563Z P:16252 T:5264] ModelLoadManager::Stop,Stopped: Collection
2024-10-08T04:36:31.563Z P:16252 T:5264] ModelLoadManager::Stop,Stopped: Edge E Drop
2024-10-08T04:36:31.563Z P:16252 T:5264] ModelLoadManager::Stop,Stopped: Edge Hub App Usage
2024-10-08T04:36:31.563Z P:16252 T:5264] ModelLoadManager::Stop,Stopped: Edge Tab Group
2024-10-08T04:36:31.563Z P:16252 T:5264] ModelLoadManager::Stop,Stopped: Edge Wallet
2024-10-08T05:09:18.884Z P:11556 T:13168] SyncServiceImpl::ResetEngine,Reset engine with reason: 8
2024-10-08T05:09:18.884Z P:11556 T:13168] ModelLoadManager::Stop,Stopped: Bookmarks
2024-10-08T05:09:18.884Z P:11556 T:13168] ModelLoadManager::Stop,Stopped: Preferences
2024-10-08T05:09:18.884Z P:11556 T:13168] ModelLoadManager::Stop,Stopped: Passwords
2024-10-08T05:09:18.884Z P:11556 T:13168] ModelLoadManager::Stop,Stopped: Autofill Profiles
2024-10-08T05:09:18.884Z P:11556 T:13168] ModelLoadManager::Stop,Stopped: Autofill
2024-10-08T05:09:18.884Z P:11556 T:13168] ModelLoadManager::Stop,Stopped: Typed URLs
2024-10-08T05:09:18.884Z P:11556 T:13168] ModelLoadManager::Stop,Stopped: Extensions
2024-10-08T05:09:18.884Z P:11556 T:13168] ModelLoadManager::Stop,Stopped: Sessions
2024-10-08T05:09:18.884Z P:11556 T:13168] ModelLoadManager::Stop,Stopped: Extension settings
2024-10-08T05:09:18.884Z P:11556 T:13168] ModelLoadManager::Stop,Stopped: History Delete Directives
2024-10-08T05:09:18.884Z P:11556 T:13168] ModelLoadManager::Stop,Stopped: Device Info
2024-10-08T05:09:18.884Z P:11556 T:13168] ModelLoadManager::Stop,Stopped: User Consents
2024-10-08T05:09:18.884Z P:11556 T:13168] ModelLoadManager::Stop,Stopped: Send Tab To Self
2024-10-08T05:09:18.884Z P:11556 T:13168] ModelLoadManager::Stop,Stopped: Web Apps
2024-10-08T05:09:18.884Z P:11556 T:13168] ModelLoadManager::Stop,Stopped: History
2024-10-08T05:09:18.884Z P:11556 T:13168] ModelLoadManager::Stop,Stopped: Collection
2024-10-08T05:09:18.884Z P:11556 T:13168] ModelLoadManager::Stop,Stopped: Edge E Drop
2024-10-08T05:09:18.884Z P:11556 T:13168] ModelLoadManager::Stop,Stopped: Edge Hub App Usage
2024-10-08T05:09:18.884Z P:11556 T:13168] ModelLoadManager::Stop,Stopped: Edge Tab Group
2024-10-08T05:09:18.884Z P:11556 T:13168] ModelLoadManager::Stop,Stopped: Edge Wallet
2024-10-08T05:09:18.885Z P:11556 T:13168] SyncServiceImpl::Initialize,SyncState after authenticated was: NotSignedIn
2024-10-08T05:09:19.155Z P:11556 T:13168] SyncServiceImpl::ResetEngine,Reset engine with reason: 8
2024-10-08T05:09:19.155Z P:11556 T:13168] ModelLoadManager::Stop,Stopped: Bookmarks
2024-10-08T05:09:19.155Z P:11556 T:13168] ModelLoadManager::Stop,Stopped: Preferences
2024-10-08T05:09:19.155Z P:11556 T:13168] ModelLoadManager::Stop,Stopped: Passwords
2024-10-08T05:09:19.155Z P:11556 T:13168] ModelLoadManager::Stop,Stopped: Autofill Profiles
2024-10-08T05:09:19.155Z P:11556 T:13168] ModelLoadManager::Stop,Stopped: Autofill
2024-10-08T05:09:19.155Z P:11556 T:13168] ModelLoadManager::Stop,Stopped: Typed URLs
2024-10-08T05:09:19.155Z P:11556 T:13168] ModelLoadManager::Stop,Stopped: Extensions
2024-10-08T05:09:19.155Z P:11556 T:13168] ModelLoadManager::Stop,Stopped: Sessions
2024-10-08T05:09:19.155Z P:11556 T:13168] ModelLoadManager::Stop,Stopped: Extension settings
2024-10-08T05:09:19.155Z P:11556 T:13168] ModelLoadManager::Stop,Stopped: History Delete Directives
2024-10-08T05:09:19.155Z P:11556 T:13168] ModelLoadManager::Stop,Stopped: Device Info
2024-10-08T05:09:19.155Z P:11556 T:13168] ModelLoadManager::Stop,Stopped: User Consents
2024-10-08T05:09:19.155Z P:11556 T:13168] ModelLoadManager::Stop,Stopped: Send Tab To Self
2024-10-08T05:09:19.155Z P:11556 T:13168] ModelLoadManager::Stop,Stopped: Web Apps
2024-10-08T05:09:19.155Z P:11556 T:13168] ModelLoadManager::Stop,Stopped: History
2024-10-08T05:09:19.155Z P:11556 T:13168] ModelLoadManager::Stop,Stopped: Collection
2024-10-08T05:09:19.155Z P:11556 T:13168] ModelLoadManager::Stop,Stopped: Edge E Drop
2024-10-08T05:09:19.155Z P:11556 T:13168] ModelLoadManager::Stop,Stopped: Edge Hub App Usage
2024-10-08T05:09:19.155Z P:11556 T:13168] ModelLoadManager::Stop,Stopped: Edge Tab Group
2024-10-08T05:09:19.155Z P:11556 T:13168] ModelLoadManager::Stop,Stopped: Edge Wallet
2024-10-08T05:31:46.574Z P:11556 T:13168] SyncServiceImpl::ResetEngine,Reset engine with reason: 0
2024-10-08T05:32:14.188Z P:13000 T:12336] SyncServiceImpl::ResetEngine,Reset engine with reason: 8
2024-10-08T05:32:14.188Z P:13000 T:12336] ModelLoadManager::Stop,Stopped: Bookmarks
2024-10-08T05:32:14.189Z P:13000 T:12336] ModelLoadManager::Stop,Stopped: Preferences
2024-10-08T05:32:14.189Z P:13000 T:12336] ModelLoadManager::Stop,Stopped: Passwords
2024-10-08T05:32:14.189Z P:13000 T:12336] ModelLoadManager::Stop,Stopped: Autofill Profiles
2024-10-08T05:32:14.189Z P:13000 T:12336] ModelLoadManager::Stop,Stopped: Autofill
2024-10-08T05:32:14.189Z P:13000 T:12336] ModelLoadManager::Stop,Stopped: Typed URLs
2024-10-08T05:32:14.189Z P:13000 T:12336] ModelLoadManager::Stop,Stopped: Extensions
2024-10-08T05:32:14.189Z P:13000 T:12336] ModelLoadManager::Stop,Stopped: Sessions
2024-10-08T05:32:14.189Z P:13000 T:12336] ModelLoadManager::Stop,Stopped: Extension settings
2024-10-08T05:32:14.189Z P:13000 T:12336] ModelLoadManager::Stop,Stopped: History Delete Directives
2024-10-08T05:32:14.189Z P:13000 T:12336] ModelLoadManager::Stop,Stopped: Device Info
2024-10-08T05:32:14.189Z P:13000 T:12336] ModelLoadManager::Stop,Stopped: User Consents
2024-10-08T05:32:14.189Z P:13000 T:12336] ModelLoadManager::Stop,Stopped: Send Tab To Self
2024-10-08T05:32:14.189Z P:13000 T:12336] ModelLoadManager::Stop,Stopped: Web Apps
2024-10-08T05:32:14.189Z P:13000 T:12336] ModelLoadManager::Stop,Stopped: History
2024-10-08T05:32:14.189Z P:13000 T:12336] ModelLoadManager::Stop,Stopped: Collection
2024-10-08T05:32:14.189Z P:13000 T:12336] ModelLoadManager::Stop,Stopped: Edge E Drop
2024-10-08T05:32:14.189Z P:13000 T:12336] ModelLoadManager::Stop,Stopped: Edge Hub App Usage
2024-10-08T05:32:14.189Z P:13000 T:12336] ModelLoadManager::Stop,Stopped: Edge Tab Group
2024-10-08T05:32:14.189Z P:13000 T:12336] ModelLoadManager::Stop,Stopped: Edge Wallet
2024-10-08T05:32:14.189Z P:13000 T:12336] SyncServiceImpl::Initialize,SyncState after authenticated was: NotSignedIn
2024-10-08T05:32:14.433Z P:13000 T:12336] SyncServiceImpl::ResetEngine,Reset engine with reason: 8
2024-10-08T05:32:14.433Z P:13000 T:12336] ModelLoadManager::Stop,Stopped: Bookmarks
2024-10-08T05:32:14.433Z P:13000 T:12336] ModelLoadManager::Stop,Stopped: Preferences
2024-10-08T05:32:14.433Z P:13000 T:12336] ModelLoadManager::Stop,Stopped: Passwords
2024-10-08T05:32:14.433Z P:13000 T:12336] ModelLoadManager::Stop,Stopped: Autofill Profiles
2024-10-08T05:32:14.433Z P:13000 T:12336] ModelLoadManager::Stop,Stopped: Autofill
2024-10-08T05:32:14.434Z P:13000 T:12336] ModelLoadManager::Stop,Stopped: Typed URLs
2024-10-08T05:32:14.434Z P:13000 T:12336] ModelLoadManager::Stop,Stopped: Extensions
2024-10-08T05:32:14.434Z P:13000 T:12336] ModelLoadManager::Stop,Stopped: Sessions
2024-10-08T05:32:14.434Z P:13000 T:12336] ModelLoadManager::Stop,Stopped: Extension settings
2024-10-08T05:32:14.434Z P:13000 T:12336] ModelLoadManager::Stop,Stopped: History Delete Directives
2024-10-08T05:32:14.434Z P:13000 T:12336] ModelLoadManager::Stop,Stopped: Device Info
2024-10-08T05:32:14.434Z P:13000 T:12336] ModelLoadManager::Stop,Stopped: User Consents
2024-10-08T05:32:14.434Z P:13000 T:12336] ModelLoadManager::Stop,Stopped: Send Tab To Self
2024-10-08T05:32:14.434Z P:13000 T:12336] ModelLoadManager::Stop,Stopped: Web Apps
2024-10-08T05:32:14.434Z P:13000 T:12336] ModelLoadManager::Stop,Stopped: History
2024-10-08T05:32:14.434Z P:13000 T:12336] ModelLoadManager::Stop,Stopped: Collection
2024-10-08T05:32:14.434Z P:13000 T:12336] ModelLoadManager::Stop,Stopped: Edge E Drop
2024-10-08T05:32:14.434Z P:13000 T:12336] ModelLoadManager::Stop,Stopped: Edge Hub App Usage
2024-10-08T05:32:14.434Z P:13000 T:12336] ModelLoadManager::Stop,Stopped: Edge Tab Group
2024-10-08T05:32:14.434Z P:13000 T:12336] ModelLoadManager::Stop,Stopped: Edge Wallet
2024-10-08T05:42:50.910Z P:13000 T:12336] SyncServiceImpl::ResetEngine,Reset engine with reason: 0
2024-10-08T05:43:54.263Z P:1196 T:6012] SyncServiceImpl::ResetEngine,Reset engine with reason: 8
2024-10-08T05:43:54.263Z P:1196 T:6012] ModelLoadManager::Stop,Stopped: Bookmarks
2024-10-08T05:43:54.263Z P:1196 T:6012] ModelLoadManager::Stop,Stopped: Preferences
2024-10-08T05:43:54.263Z P:1196 T:6012] ModelLoadManager::Stop,Stopped: Passwords
2024-10-08T05:43:54.263Z P:1196 T:6012] ModelLoadManager::Stop,Stopped: Autofill Profiles
2024-10-08T05:43:54.263Z P:1196 T:6012] ModelLoadManager::Stop,Stopped: Autofill
2024-10-08T05:43:54.263Z P:1196 T:6012] ModelLoadManager::Stop,Stopped: Typed URLs
2024-10-08T05:43:54.263Z P:1196 T:6012] ModelLoadManager::Stop,Stopped: Extensions
2024-10-08T05:43:54.263Z P:1196 T:6012] ModelLoadManager::Stop,Stopped: Sessions
2024-10-08T05:43:54.263Z P:1196 T:6012] ModelLoadManager::Stop,Stopped: Extension settings
2024-10-08T05:43:54.263Z P:1196 T:6012] ModelLoadManager::Stop,Stopped: History Delete Directives
2024-10-08T05:43:54.263Z P:1196 T:6012] ModelLoadManager::Stop,Stopped: Device Info
2024-10-08T05:43:54.263Z P:1196 T:6012] ModelLoadManager::Stop,Stopped: User Consents
2024-10-08T05:43:54.263Z P:1196 T:6012] ModelLoadManager::Stop,Stopped: Send Tab To Self
2024-10-08T05:43:54.263Z P:1196 T:6012] ModelLoadManager::Stop,Stopped: Web Apps
2024-10-08T05:43:54.263Z P:1196 T:6012] ModelLoadManager::Stop,Stopped: History
2024-10-08T05:43:54.263Z P:1196 T:6012] ModelLoadManager::Stop,Stopped: Collection
2024-10-08T05:43:54.263Z P:1196 T:6012] ModelLoadManager::Stop,Stopped: Edge E Drop
2024-10-08T05:43:54.263Z P:1196 T:6012] ModelLoadManager::Stop,Stopped: Edge Hub App Usage
2024-10-08T05:43:54.263Z P:1196 T:6012] ModelLoadManager::Stop,Stopped: Edge Tab Group
2024-10-08T05:43:54.263Z P:1196 T:6012] ModelLoadManager::Stop,Stopped: Edge Wallet
2024-10-08T05:43:54.264Z P:1196 T:6012] SyncServiceImpl::Initialize,SyncState after authenticated was: NotSignedIn
2024-10-08T05:43:54.519Z P:1196 T:6012] SyncServiceImpl::ResetEngine,Reset engine with reason: 8
2024-10-08T05:43:54.519Z P:1196 T:6012] ModelLoadManager::Stop,Stopped: Bookmarks
2024-10-08T05:43:54.519Z P:1196 T:6012] ModelLoadManager::Stop,Stopped: Preferences
2024-10-08T05:43:54.519Z P:1196 T:6012] ModelLoadManager::Stop,Stopped: Passwords
2024-10-08T05:43:54.527Z P:1196 T:6012] ModelLoadManager::Stop,Stopped: Autofill Profiles
2024-10-08T05:43:54.527Z P:1196 T:6012] ModelLoadManager::Stop,Stopped: Autofill
2024-10-08T05:43:54.527Z P:1196 T:6012] ModelLoadManager::Stop,Stopped: Typed URLs
2024-10-08T05:43:54.527Z P:1196 T:6012] ModelLoadManager::Stop,Stopped: Extensions
2024-10-08T05:43:54.527Z P:1196 T:6012] ModelLoadManager::Stop,Stopped: Sessions
2024-10-08T05:43:54.527Z P:1196 T:6012] ModelLoadManager::Stop,Stopped: Extension settings
2024-10-08T05:43:54.527Z P:1196 T:6012] ModelLoadManager::Stop,Stopped: History Delete Directives
2024-10-08T05:43:54.527Z P:1196 T:6012] ModelLoadManager::Stop,Stopped: Device Info
2024-10-08T05:43:54.527Z P:1196 T:6012] ModelLoadManager::Stop,Stopped: User Consents
2024-10-08T05:43:54.527Z P:1196 T:6012] ModelLoadManager::Stop,Stopped: Send Tab To Self
2024-10-08T05:43:54.527Z P:1196 T:6012] ModelLoadManager::Stop,Stopped: Web Apps
2024-10-08T05:43:54.527Z P:1196 T:6012] ModelLoadManager::Stop,Stopped: History
2024-10-08T05:43:54.527Z P:1196 T:6012] ModelLoadManager::Stop,Stopped: Collection
2024-10-08T05:43:54.527Z P:1196 T:6012] ModelLoadManager::Stop,Stopped: Edge E Drop
2024-10-08T05:43:54.527Z P:1196 T:6012] ModelLoadManager::Stop,Stopped: Edge Hub App Usage
2024-10-08T05:43:54.527Z P:1196 T:6012] ModelLoadManager::Stop,Stopped: Edge Tab Group
2024-10-08T05:43:54.527Z P:1196 T:6012] ModelLoadManager::Stop,Stopped: Edge Wallet
2024-10-08T05:53:19.515Z P:1196 T:6012] SyncServiceImpl::ResetEngine,Reset engine with reason: 0
2024-10-08T08:03:31.715Z P:14804 T:5380] SyncServiceImpl::ResetEngine,Reset engine with reason: 8
2024-10-08T08:03:31.715Z P:14804 T:5380] ModelLoadManager::Stop,Stopped: Bookmarks
2024-10-08T08:03:31.715Z P:14804 T:5380] ModelLoadManager::Stop,Stopped: Preferences
2024-10-08T08:03:31.715Z P:14804 T:5380] ModelLoadManager::Stop,Stopped: Passwords
2024-10-08T08:03:31.715Z P:14804 T:5380] ModelLoadManager::Stop,Stopped: Autofill Profiles
2024-10-08T08:03:31.715Z P:14804 T:5380] ModelLoadManager::Stop,Stopped: Autofill
2024-10-08T08:03:31.715Z P:14804 T:5380] ModelLoadManager::Stop,Stopped: Typed URLs
2024-10-08T08:03:31.715Z P:14804 T:5380] ModelLoadManager::Stop,Stopped: Extensions
2024-10-08T08:03:31.715Z P:14804 T:5380] ModelLoadManager::Stop,Stopped: Sessions
2024-10-08T08:03:31.715Z P:14804 T:5380] ModelLoadManager::Stop,Stopped: Extension settings
2024-10-08T08:03:31.715Z P:14804 T:5380] ModelLoadManager::Stop,Stopped: History Delete Directives
2024-10-08T08:03:31.715Z P:14804 T:5380] ModelLoadManager::Stop,Stopped: Device Info
2024-10-08T08:03:31.715Z P:14804 T:5380] ModelLoadManager::Stop,Stopped: User Consents
2024-10-08T08:03:31.715Z P:14804 T:5380] ModelLoadManager::Stop,Stopped: Send Tab To Self
2024-10-08T08:03:31.715Z P:14804 T:5380] ModelLoadManager::Stop,Stopped: Web Apps
2024-10-08T08:03:31.715Z P:14804 T:5380] ModelLoadManager::Stop,Stopped: History
2024-10-08T08:03:31.715Z P:14804 T:5380] ModelLoadManager::Stop,Stopped: Collection
2024-10-08T08:03:31.715Z P:14804 T:5380] ModelLoadManager::Stop,Stopped: Edge E Drop
2024-10-08T08:03:31.715Z P:14804 T:5380] ModelLoadManager::Stop,Stopped: Edge Hub App Usage
2024-10-08T08:03:31.715Z P:14804 T:5380] ModelLoadManager::Stop,Stopped: Edge Tab Group
2024-10-08T08:03:31.715Z P:14804 T:5380] ModelLoadManager::Stop,Stopped: Edge Wallet
2024-10-08T08:03:31.715Z P:14804 T:5380] SyncServiceImpl::Initialize,SyncState after authenticated was: NotSignedIn
2024-10-08T08:03:31.981Z P:14804 T:5380] SyncServiceImpl::ResetEngine,Reset engine with reason: 8
2024-10-08T08:03:31.981Z P:14804 T:5380] ModelLoadManager::Stop,Stopped: Bookmarks
2024-10-08T08:03:31.981Z P:14804 T:5380] ModelLoadManager::Stop,Stopped: Preferences
2024-10-08T08:03:31.981Z P:14804 T:5380] ModelLoadManager::Stop,Stopped: Passwords
2024-10-08T08:03:31.981Z P:14804 T:5380] ModelLoadManager::Stop,Stopped: Autofill Profiles
2024-10-08T08:03:31.981Z P:14804 T:5380] ModelLoadManager::Stop,Stopped: Autofill
2024-10-08T08:03:31.981Z P:14804 T:5380] ModelLoadManager::Stop,Stopped: Typed URLs
2024-10-08T08:03:31.981Z P:14804 T:5380] ModelLoadManager::Stop,Stopped: Extensions
2024-10-08T08:03:31.981Z P:14804 T:5380] ModelLoadManager::Stop,Stopped: Sessions
2024-10-08T08:03:31.981Z P:14804 T:5380] ModelLoadManager::Stop,Stopped: Extension settings
2024-10-08T08:03:31.981Z P:14804 T:5380] ModelLoadManager::Stop,Stopped: History Delete Directives
2024-10-08T08:03:31.981Z P:14804 T:5380] ModelLoadManager::Stop,Stopped: Device Info
2024-10-08T08:03:31.981Z P:14804 T:5380] ModelLoadManager::Stop,Stopped: User Consents
2024-10-08T08:03:31.981Z P:14804 T:5380] ModelLoadManager::Stop,Stopped: Send Tab To Self
2024-10-08T08:03:31.981Z P:14804 T:5380] ModelLoadManager::Stop,Stopped: Web Apps
2024-10-08T08:03:31.981Z P:14804 T:5380] ModelLoadManager::Stop,Stopped: History
2024-10-08T08:03:31.981Z P:14804 T:5380] ModelLoadManager::Stop,Stopped: Collection
2024-10-08T08:03:31.981Z P:14804 T:5380] ModelLoadManager::Stop,Stopped: Edge E Drop
2024-10-08T08:03:31.981Z P:14804 T:5380] ModelLoadManager::Stop,Stopped: Edge Hub App Usage
2024-10-08T08:03:31.981Z P:14804 T:5380] ModelLoadManager::Stop,Stopped: Edge Tab Group
2024-10-08T08:03:31.981Z P:14804 T:5380] ModelLoadManager::Stop,Stopped: Edge Wallet
2024-10-08T08:09:12.367Z P:14804 T:5380] SyncServiceImpl::ResetEngine,Reset engine with reason: 0
2024-10-08T08:10:13.306Z P:11112 T:15880] SyncServiceImpl::ResetEngine,Reset engine with reason: 8
2024-10-08T08:10:13.306Z P:11112 T:15880] ModelLoadManager::Stop,Stopped: Bookmarks
2024-10-08T08:10:13.306Z P:11112 T:15880] ModelLoadManager::Stop,Stopped: Preferences
2024-10-08T08:10:13.306Z P:11112 T:15880] ModelLoadManager::Stop,Stopped: Passwords
2024-10-08T08:10:13.306Z P:11112 T:15880] ModelLoadManager::Stop,Stopped: Autofill Profiles
2024-10-08T08:10:13.306Z P:11112 T:15880] ModelLoadManager::Stop,Stopped: Autofill
2024-10-08T08:10:13.306Z P:11112 T:15880] ModelLoadManager::Stop,Stopped: Typed URLs
2024-10-08T08:10:13.306Z P:11112 T:15880] ModelLoadManager::Stop,Stopped: Extensions
2024-10-08T08:10:13.306Z P:11112 T:15880] ModelLoadManager::Stop,Stopped: Sessions
2024-10-08T08:10:13.306Z P:11112 T:15880] ModelLoadManager::Stop,Stopped: Extension settings
2024-10-08T08:10:13.306Z P:11112 T:15880] ModelLoadManager::Stop,Stopped: History Delete Directives
2024-10-08T08:10:13.306Z P:11112 T:15880] ModelLoadManager::Stop,Stopped: Device Info
2024-10-08T08:10:13.306Z P:11112 T:15880] ModelLoadManager::Stop,Stopped: User Consents
2024-10-08T08:10:13.306Z P:11112 T:15880] ModelLoadManager::Stop,Stopped: Send Tab To Self
2024-10-08T08:10:13.306Z P:11112 T:15880] ModelLoadManager::Stop,Stopped: Web Apps
2024-10-08T08:10:13.306Z P:11112 T:15880] ModelLoadManager::Stop,Stopped: History
2024-10-08T08:10:13.306Z P:11112 T:15880] ModelLoadManager::Stop,Stopped: Collection
2024-10-08T08:10:13.306Z P:11112 T:15880] ModelLoadManager::Stop,Stopped: Edge E Drop
2024-10-08T08:10:13.306Z P:11112 T:15880] ModelLoadManager::Stop,Stopped: Edge Hub App Usage
2024-10-08T08:10:13.306Z P:11112 T:15880] ModelLoadManager::Stop,Stopped: Edge Tab Group
2024-10-08T08:10:13.306Z P:11112 T:15880] ModelLoadManager::Stop,Stopped: Edge Wallet
2024-10-08T08:10:13.306Z P:11112 T:15880] SyncServiceImpl::Initialize,SyncState after authenticated was: NotSignedIn
2024-10-08T08:10:13.542Z P:11112 T:15880] SyncServiceImpl::ResetEngine,Reset engine with reason: 8
2024-10-08T08:10:13.542Z P:11112 T:15880] ModelLoadManager::Stop,Stopped: Bookmarks
2024-10-08T08:10:13.542Z P:11112 T:15880] ModelLoadManager::Stop,Stopped: Preferences
2024-10-08T08:10:13.542Z P:11112 T:15880] ModelLoadManager::Stop,Stopped: Passwords
2024-10-08T08:10:13.542Z P:11112 T:15880] ModelLoadManager::Stop,Stopped: Autofill Profiles
2024-10-08T08:10:13.542Z P:11112 T:15880] ModelLoadManager::Stop,Stopped: Autofill
2024-10-08T08:10:13.542Z P:11112 T:15880] ModelLoadManager::Stop,Stopped: Typed URLs
2024-10-08T08:10:13.542Z P:11112 T:15880] ModelLoadManager::Stop,Stopped: Extensions
2024-10-08T08:10:13.542Z P:11112 T:15880] ModelLoadManager::Stop,Stopped: Sessions
2024-10-08T08:10:13.542Z P:11112 T:15880] ModelLoadManager::Stop,Stopped: Extension settings
2024-10-08T08:10:13.542Z P:11112 T:15880] ModelLoadManager::Stop,Stopped: History Delete Directives
2024-10-08T08:10:13.542Z P:11112 T:15880] ModelLoadManager::Stop,Stopped: Device Info
2024-10-08T08:10:13.542Z P:11112 T:15880] ModelLoadManager::Stop,Stopped: User Consents
2024-10-08T08:10:13.542Z P:11112 T:15880] ModelLoadManager::Stop,Stopped: Send Tab To Self
2024-10-08T08:10:13.542Z P:11112 T:15880] ModelLoadManager::Stop,Stopped: Web Apps
2024-10-08T08:10:13.542Z P:11112 T:15880] ModelLoadManager::Stop,Stopped: History
2024-10-08T08:10:13.542Z P:11112 T:15880] ModelLoadManager::Stop,Stopped: Collection
2024-10-08T08:10:13.542Z P:11112 T:15880] ModelLoadManager::Stop,Stopped: Edge E Drop
2024-10-08T08:10:13.542Z P:11112 T:15880] ModelLoadManager::Stop,Stopped: Edge Hub App Usage
2024-10-08T08:10:13.542Z P:11112 T:15880] ModelLoadManager::Stop,Stopped: Edge Tab Group
2024-10-08T08:10:13.542Z P:11112 T:15880] ModelLoadManager::Stop,Stopped: Edge Wallet
2024-10-08T08:11:13.236Z P:11112 T:15880] SyncServiceImpl::ResetEngine,Reset engine with reason: 0
2024-10-08T08:11:48.830Z P:14320 T:2816] SyncServiceImpl::ResetEngine,Reset engine with reason: 8
2024-10-08T08:11:48.830Z P:14320 T:2816] ModelLoadManager::Stop,Stopped: Bookmarks
2024-10-08T08:11:48.830Z P:14320 T:2816] ModelLoadManager::Stop,Stopped: Preferences
2024-10-08T08:11:48.830Z P:14320 T:2816] ModelLoadManager::Stop,Stopped: Passwords
2024-10-08T08:11:48.830Z P:14320 T:2816] ModelLoadManager::Stop,Stopped: Autofill Profiles
2024-10-08T08:11:48.830Z P:14320 T:2816] ModelLoadManager::Stop,Stopped: Autofill
2024-10-08T08:11:48.830Z P:14320 T:2816] ModelLoadManager::Stop,Stopped: Typed URLs
2024-10-08T08:11:48.830Z P:14320 T:2816] ModelLoadManager::Stop,Stopped: Extensions
2024-10-08T08:11:48.830Z P:14320 T:2816] ModelLoadManager::Stop,Stopped: Sessions
2024-10-08T08:11:48.830Z P:14320 T:2816] ModelLoadManager::Stop,Stopped: Extension settings
2024-10-08T08:11:48.830Z P:14320 T:2816] ModelLoadManager::Stop,Stopped: History Delete Directives
2024-10-08T08:11:48.830Z P:14320 T:2816] ModelLoadManager::Stop,Stopped: Device Info
2024-10-08T08:11:48.830Z P:14320 T:2816] ModelLoadManager::Stop,Stopped: User Consents
2024-10-08T08:11:48.830Z P:14320 T:2816] ModelLoadManager::Stop,Stopped: Send Tab To Self
2024-10-08T08:11:48.830Z P:14320 T:2816] ModelLoadManager::Stop,Stopped: Web Apps
2024-10-08T08:11:48.830Z P:14320 T:2816] ModelLoadManager::Stop,Stopped: History
2024-10-08T08:11:48.830Z P:14320 T:2816] ModelLoadManager::Stop,Stopped: Collection
2024-10-08T08:11:48.830Z P:14320 T:2816] ModelLoadManager::Stop,Stopped: Edge E Drop
2024-10-08T08:11:48.830Z P:14320 T:2816] ModelLoadManager::Stop,Stopped: Edge Hub App Usage
2024-10-08T08:11:48.830Z P:14320 T:2816] ModelLoadManager::Stop,Stopped: Edge Tab Group
2024-10-08T08:11:48.830Z P:14320 T:2816] ModelLoadManager::Stop,Stopped: Edge Wallet
2024-10-08T08:11:48.830Z P:14320 T:2816] SyncServiceImpl::Initialize,SyncState after authenticated was: NotSignedIn
2024-10-08T08:11:49.120Z P:14320 T:2816] SyncServiceImpl::ResetEngine,Reset engine with reason: 8
2024-10-08T08:11:49.120Z P:14320 T:2816] ModelLoadManager::Stop,Stopped: Bookmarks
2024-10-08T08:11:49.120Z P:14320 T:2816] ModelLoadManager::Stop,Stopped: Preferences
2024-10-08T08:11:49.120Z P:14320 T:2816] ModelLoadManager::Stop,Stopped: Passwords
2024-10-08T08:11:49.120Z P:14320 T:2816] ModelLoadManager::Stop,Stopped: Autofill Profiles
2024-10-08T08:11:49.120Z P:14320 T:2816] ModelLoadManager::Stop,Stopped: Autofill
2024-10-08T08:11:49.120Z P:14320 T:2816] ModelLoadManager::Stop,Stopped: Typed URLs
2024-10-08T08:11:49.120Z P:14320 T:2816] ModelLoadManager::Stop,Stopped: Extensions
2024-10-08T08:11:49.120Z P:14320 T:2816] ModelLoadManager::Stop,Stopped: Sessions
2024-10-08T08:11:49.120Z P:14320 T:2816] ModelLoadManager::Stop,Stopped: Extension settings
2024-10-08T08:11:49.120Z P:14320 T:2816] ModelLoadManager::Stop,Stopped: History Delete Directives
2024-10-08T08:11:49.120Z P:14320 T:2816] ModelLoadManager::Stop,Stopped: Device Info
2024-10-08T08:11:49.120Z P:14320 T:2816] ModelLoadManager::Stop,Stopped: User Consents
2024-10-08T08:11:49.120Z P:14320 T:2816] ModelLoadManager::Stop,Stopped: Send Tab To Self
2024-10-08T08:11:49.120Z P:14320 T:2816] ModelLoadManager::Stop,Stopped: Web Apps
2024-10-08T08:11:49.120Z P:14320 T:2816] ModelLoadManager::Stop,Stopped: History
2024-10-08T08:11:49.120Z P:14320 T:2816] ModelLoadManager::Stop,Stopped: Collection
2024-10-08T08:11:49.120Z P:14320 T:2816] ModelLoadManager::Stop,Stopped: Edge E Drop
2024-10-08T08:11:49.120Z P:14320 T:2816] ModelLoadManager::Stop,Stopped: Edge Hub App Usage
2024-10-08T08:11:49.120Z P:14320 T:2816] ModelLoadManager::Stop,Stopped: Edge Tab Group
2024-10-08T08:11:49.120Z P:14320 T:2816] ModelLoadManager::Stop,Stopped: Edge Wallet
2024-10-08T08:17:08.647Z P:14320 T:2816] SyncServiceImpl::ResetEngine,Reset engine with reason: 0
2024-10-08T08:17:41.442Z P:5764 T:6564] SyncServiceImpl::ResetEngine,Reset engine with reason: 8
2024-10-08T08:17:41.442Z P:5764 T:6564] ModelLoadManager::Stop,Stopped: Bookmarks
2024-10-08T08:17:41.442Z P:5764 T:6564] ModelLoadManager::Stop,Stopped: Preferences
2024-10-08T08:17:41.442Z P:5764 T:6564] ModelLoadManager::Stop,Stopped: Passwords
2024-10-08T08:17:41.442Z P:5764 T:6564] ModelLoadManager::Stop,Stopped: Autofill Profiles
2024-10-08T08:17:41.442Z P:5764 T:6564] ModelLoadManager::Stop,Stopped: Autofill
2024-10-08T08:17:41.442Z P:5764 T:6564] ModelLoadManager::Stop,Stopped: Typed URLs
2024-10-08T08:17:41.442Z P:5764 T:6564] ModelLoadManager::Stop,Stopped: Extensions
2024-10-08T08:17:41.442Z P:5764 T:6564] ModelLoadManager::Stop,Stopped: Sessions
2024-10-08T08:17:41.442Z P:5764 T:6564] ModelLoadManager::Stop,Stopped: Extension settings
2024-10-08T08:17:41.442Z P:5764 T:6564] ModelLoadManager::Stop,Stopped: History Delete Directives
2024-10-08T08:17:41.442Z P:5764 T:6564] ModelLoadManager::Stop,Stopped: Device Info
2024-10-08T08:17:41.442Z P:5764 T:6564] ModelLoadManager::Stop,Stopped: User Consents
2024-10-08T08:17:41.442Z P:5764 T:6564] ModelLoadManager::Stop,Stopped: Send Tab To Self
2024-10-08T08:17:41.442Z P:5764 T:6564] ModelLoadManager::Stop,Stopped: Web Apps
2024-10-08T08:17:41.442Z P:5764 T:6564] ModelLoadManager::Stop,Stopped: History
2024-10-08T08:17:41.442Z P:5764 T:6564] ModelLoadManager::Stop,Stopped: Collection
2024-10-08T08:17:41.442Z P:5764 T:6564] ModelLoadManager::Stop,Stopped: Edge E Drop
2024-10-08T08:17:41.442Z P:5764 T:6564] ModelLoadManager::Stop,Stopped: Edge Hub App Usage
2024-10-08T08:17:41.442Z P:5764 T:6564] ModelLoadManager::Stop,Stopped: Edge Tab Group
2024-10-08T08:17:41.443Z P:5764 T:6564] ModelLoadManager::Stop,Stopped: Edge Wallet
2024-10-08T08:17:41.443Z P:5764 T:6564] SyncServiceImpl::Initialize,SyncState after authenticated was: NotSignedIn
2024-10-08T08:17:41.713Z P:5764 T:6564] SyncServiceImpl::ResetEngine,Reset engine with reason: 8
2024-10-08T08:17:41.713Z P:5764 T:6564] ModelLoadManager::Stop,Stopped: Bookmarks
2024-10-08T08:17:41.714Z P:5764 T:6564] ModelLoadManager::Stop,Stopped: Preferences
2024-10-08T08:17:41.714Z P:5764 T:6564] ModelLoadManager::Stop,Stopped: Passwords
2024-10-08T08:17:41.714Z P:5764 T:6564] ModelLoadManager::Stop,Stopped: Autofill Profiles
2024-10-08T08:17:41.714Z P:5764 T:6564] ModelLoadManager::Stop,Stopped: Autofill
2024-10-08T08:17:41.714Z P:5764 T:6564] ModelLoadManager::Stop,Stopped: Typed URLs
2024-10-08T08:17:41.714Z P:5764 T:6564] ModelLoadManager::Stop,Stopped: Extensions
2024-10-08T08:17:41.714Z P:5764 T:6564] ModelLoadManager::Stop,Stopped: Sessions
2024-10-08T08:17:41.714Z P:5764 T:6564] ModelLoadManager::Stop,Stopped: Extension settings
2024-10-08T08:17:41.714Z P:5764 T:6564] ModelLoadManager::Stop,Stopped: History Delete Directives
2024-10-08T08:17:41.714Z P:5764 T:6564] ModelLoadManager::Stop,Stopped: Device Info
2024-10-08T08:17:41.714Z P:5764 T:6564] ModelLoadManager::Stop,Stopped: User Consents
2024-10-08T08:17:41.714Z P:5764 T:6564] ModelLoadManager::Stop,Stopped: Send Tab To Self
2024-10-08T08:17:41.714Z P:5764 T:6564] ModelLoadManager::Stop,Stopped: Web Apps
2024-10-08T08:17:41.714Z P:5764 T:6564] ModelLoadManager::Stop,Stopped: History
2024-10-08T08:17:41.714Z P:5764 T:6564] ModelLoadManager::Stop,Stopped: Collection
2024-10-08T08:17:41.714Z P:5764 T:6564] ModelLoadManager::Stop,Stopped: Edge E Drop
2024-10-08T08:17:41.714Z P:5764 T:6564] ModelLoadManager::Stop,Stopped: Edge Hub App Usage
2024-10-08T08:17:41.714Z P:5764 T:6564] ModelLoadManager::Stop,Stopped: Edge Tab Group
2024-10-08T08:17:41.714Z P:5764 T:6564] ModelLoadManager::Stop,Stopped: Edge Wallet
2024-10-08T08:20:51.591Z P:5764 T:6564] SyncServiceImpl::ResetEngine,Reset engine with reason: 0
2024-10-08T08:21:20.109Z P:11920 T:11208] SyncServiceImpl::ResetEngine,Reset engine with reason: 8
2024-10-08T08:21:20.109Z P:11920 T:11208] ModelLoadManager::Stop,Stopped: Bookmarks
2024-10-08T08:21:20.109Z P:11920 T:11208] ModelLoadManager::Stop,Stopped: Preferences
2024-10-08T08:21:20.109Z P:11920 T:11208] ModelLoadManager::Stop,Stopped: Passwords
2024-10-08T08:21:20.109Z P:11920 T:11208] ModelLoadManager::Stop,Stopped: Autofill Profiles
2024-10-08T08:21:20.109Z P:11920 T:11208] ModelLoadManager::Stop,Stopped: Autofill
2024-10-08T08:21:20.109Z P:11920 T:11208] ModelLoadManager::Stop,Stopped: Typed URLs
2024-10-08T08:21:20.109Z P:11920 T:11208] ModelLoadManager::Stop,Stopped: Extensions
2024-10-08T08:21:20.109Z P:11920 T:11208] ModelLoadManager::Stop,Stopped: Sessions
2024-10-08T08:21:20.109Z P:11920 T:11208] ModelLoadManager::Stop,Stopped: Extension settings
2024-10-08T08:21:20.109Z P:11920 T:11208] ModelLoadManager::Stop,Stopped: History Delete Directives
2024-10-08T08:21:20.109Z P:11920 T:11208] ModelLoadManager::Stop,Stopped: Device Info
2024-10-08T08:21:20.109Z P:11920 T:11208] ModelLoadManager::Stop,Stopped: User Consents
2024-10-08T08:21:20.109Z P:11920 T:11208] ModelLoadManager::Stop,Stopped: Send Tab To Self
2024-10-08T08:21:20.109Z P:11920 T:11208] ModelLoadManager::Stop,Stopped: Web Apps
2024-10-08T08:21:20.109Z P:11920 T:11208] ModelLoadManager::Stop,Stopped: History
2024-10-08T08:21:20.109Z P:11920 T:11208] ModelLoadManager::Stop,Stopped: Collection
2024-10-08T08:21:20.109Z P:11920 T:11208] ModelLoadManager::Stop,Stopped: Edge E Drop
2024-10-08T08:21:20.109Z P:11920 T:11208] ModelLoadManager::Stop,Stopped: Edge Hub App Usage
2024-10-08T08:21:20.109Z P:11920 T:11208] ModelLoadManager::Stop,Stopped: Edge Tab Group
2024-10-08T08:21:20.109Z P:11920 T:11208] ModelLoadManager::Stop,Stopped: Edge Wallet
2024-10-08T08:21:20.110Z P:11920 T:11208] SyncServiceImpl::Initialize,SyncState after authenticated was: NotSignedIn
2024-10-08T08:21:20.347Z P:11920 T:11208] SyncServiceImpl::ResetEngine,Reset engine with reason: 8
2024-10-08T08:21:20.347Z P:11920 T:11208] ModelLoadManager::Stop,Stopped: Bookmarks
2024-10-08T08:21:20.347Z P:11920 T:11208] ModelLoadManager::Stop,Stopped: Preferences
2024-10-08T08:21:20.347Z P:11920 T:11208] ModelLoadManager::Stop,Stopped: Passwords
2024-10-08T08:21:20.347Z P:11920 T:11208] ModelLoadManager::Stop,Stopped: Autofill Profiles
2024-10-08T08:21:20.347Z P:11920 T:11208] ModelLoadManager::Stop,Stopped: Autofill
2024-10-08T08:21:20.347Z P:11920 T:11208] ModelLoadManager::Stop,Stopped: Typed URLs
2024-10-08T08:21:20.347Z P:11920 T:11208] ModelLoadManager::Stop,Stopped: Extensions
2024-10-08T08:21:20.347Z P:11920 T:11208] ModelLoadManager::Stop,Stopped: Sessions
2024-10-08T08:21:20.347Z P:11920 T:11208] ModelLoadManager::Stop,Stopped: Extension settings
2024-10-08T08:21:20.347Z P:11920 T:11208] ModelLoadManager::Stop,Stopped: History Delete Directives
2024-10-08T08:21:20.347Z P:11920 T:11208] ModelLoadManager::Stop,Stopped: Device Info
2024-10-08T08:21:20.347Z P:11920 T:11208] ModelLoadManager::Stop,Stopped: User Consents
2024-10-08T08:21:20.347Z P:11920 T:11208] ModelLoadManager::Stop,Stopped: Send Tab To Self
2024-10-08T08:21:20.347Z P:11920 T:11208] ModelLoadManager::Stop,Stopped: Web Apps
2024-10-08T08:21:20.347Z P:11920 T:11208] ModelLoadManager::Stop,Stopped: History
2024-10-08T08:21:20.347Z P:11920 T:11208] ModelLoadManager::Stop,Stopped: Collection
2024-10-08T08:21:20.347Z P:11920 T:11208] ModelLoadManager::Stop,Stopped: Edge E Drop
2024-10-08T08:21:20.347Z P:11920 T:11208] ModelLoadManager::Stop,Stopped: Edge Hub App Usage
2024-10-08T08:21:20.347Z P:11920 T:11208] ModelLoadManager::Stop,Stopped: Edge Tab Group
2024-10-08T08:21:20.347Z P:11920 T:11208] ModelLoadManager::Stop,Stopped: Edge Wallet
2024-10-08T08:27:23.723Z P:11920 T:11208] SyncServiceImpl::ResetEngine,Reset engine with reason: 0
2024-10-08T13:26:14.798Z P:15300 T:13948] SyncServiceImpl::ResetEngine,Reset engine with reason: 8
2024-10-08T13:26:14.798Z P:15300 T:13948] ModelLoadManager::Stop,Stopped: Bookmarks
2024-10-08T13:26:14.798Z P:15300 T:13948] ModelLoadManager::Stop,Stopped: Preferences
2024-10-08T13:26:14.798Z P:15300 T:13948] ModelLoadManager::Stop,Stopped: Passwords
2024-10-08T13:26:14.798Z P:15300 T:13948] ModelLoadManager::Stop,Stopped: Autofill Profiles
2024-10-08T13:26:14.798Z P:15300 T:13948] ModelLoadManager::Stop,Stopped: Autofill
2024-10-08T13:26:14.798Z P:15300 T:13948] ModelLoadManager::Stop,Stopped: Typed URLs
2024-10-08T13:26:14.798Z P:15300 T:13948] ModelLoadManager::Stop,Stopped: Extensions
2024-10-08T13:26:14.798Z P:15300 T:13948] ModelLoadManager::Stop,Stopped: Sessions
2024-10-08T13:26:14.798Z P:15300 T:13948] ModelLoadManager::Stop,Stopped: Extension settings
2024-10-08T13:26:14.798Z P:15300 T:13948] ModelLoadManager::Stop,Stopped: History Delete Directives
2024-10-08T13:26:14.798Z P:15300 T:13948] ModelLoadManager::Stop,Stopped: Device Info
2024-10-08T13:26:14.798Z P:15300 T:13948] ModelLoadManager::Stop,Stopped: User Consents
2024-10-08T13:26:14.798Z P:15300 T:13948] ModelLoadManager::Stop,Stopped: Send Tab To Self
2024-10-08T13:26:14.798Z P:15300 T:13948] ModelLoadManager::Stop,Stopped: Web Apps
2024-10-08T13:26:14.798Z P:15300 T:13948] ModelLoadManager::Stop,Stopped: History
2024-10-08T13:26:14.798Z P:15300 T:13948] ModelLoadManager::Stop,Stopped: Collection
2024-10-08T13:26:14.798Z P:15300 T:13948] ModelLoadManager::Stop,Stopped: Edge E Drop
2024-10-08T13:26:14.798Z P:15300 T:13948] ModelLoadManager::Stop,Stopped: Edge Hub App Usage
2024-10-08T13:26:14.798Z P:15300 T:13948] ModelLoadManager::Stop,Stopped: Edge Tab Group
2024-10-08T13:26:14.798Z P:15300 T:13948] ModelLoadManager::Stop,Stopped: Edge Wallet
2024-10-08T13:26:14.798Z P:15300 T:13948] SyncServiceImpl::Initialize,SyncState after authenticated was: NotSignedIn
2024-10-08T13:26:15.064Z P:15300 T:13948] SyncServiceImpl::ResetEngine,Reset engine with reason: 8
2024-10-08T13:26:15.065Z P:15300 T:13948] ModelLoadManager::Stop,Stopped: Bookmarks
2024-10-08T13:26:15.065Z P:15300 T:13948] ModelLoadManager::Stop,Stopped: Preferences
2024-10-08T13:26:15.065Z P:15300 T:13948] ModelLoadManager::Stop,Stopped: Passwords
2024-10-08T13:26:15.065Z P:15300 T:13948] ModelLoadManager::Stop,Stopped: Autofill Profiles
2024-10-08T13:26:15.065Z P:15300 T:13948] ModelLoadManager::Stop,Stopped: Autofill
2024-10-08T13:26:15.065Z P:15300 T:13948] ModelLoadManager::Stop,Stopped: Typed URLs
2024-10-08T13:26:15.065Z P:15300 T:13948] ModelLoadManager::Stop,Stopped: Extensions
2024-10-08T13:26:15.065Z P:15300 T:13948] ModelLoadManager::Stop,Stopped: Sessions
2024-10-08T13:26:15.065Z P:15300 T:13948] ModelLoadManager::Stop,Stopped: Extension settings
2024-10-08T13:26:15.065Z P:15300 T:13948] ModelLoadManager::Stop,Stopped: History Delete Directives
2024-10-08T13:26:15.065Z P:15300 T:13948] ModelLoadManager::Stop,Stopped: Device Info
2024-10-08T13:26:15.065Z P:15300 T:13948] ModelLoadManager::Stop,Stopped: User Consents
2024-10-08T13:26:15.065Z P:15300 T:13948] ModelLoadManager::Stop,Stopped: Send Tab To Self
2024-10-08T13:26:15.065Z P:15300 T:13948] ModelLoadManager::Stop,Stopped: Web Apps
2024-10-08T13:26:15.065Z P:15300 T:13948] ModelLoadManager::Stop,Stopped: History
2024-10-08T13:26:15.065Z P:15300 T:13948] ModelLoadManager::Stop,Stopped: Collection
2024-10-08T13:26:15.065Z P:15300 T:13948] ModelLoadManager::Stop,Stopped: Edge E Drop
2024-10-08T13:26:15.065Z P:15300 T:13948] ModelLoadManager::Stop,Stopped: Edge Hub App Usage
2024-10-08T13:26:15.065Z P:15300 T:13948] ModelLoadManager::Stop,Stopped: Edge Tab Group
2024-10-08T13:26:15.065Z P:15300 T:13948] ModelLoadManager::Stop,Stopped: Edge Wallet
2024-10-08T13:35:05.911Z P:15300 T:13948] SyncServiceImpl::ResetEngine,Reset engine with reason: 0
2024-10-08T13:35:32.372Z P:15644 T:7512] SyncServiceImpl::ResetEngine,Reset engine with reason: 8
2024-10-08T13:35:32.372Z P:15644 T:7512] ModelLoadManager::Stop,Stopped: Bookmarks
2024-10-08T13:35:32.372Z P:15644 T:7512] ModelLoadManager::Stop,Stopped: Preferences
2024-10-08T13:35:32.372Z P:15644 T:7512] ModelLoadManager::Stop,Stopped: Passwords
2024-10-08T13:35:32.372Z P:15644 T:7512] ModelLoadManager::Stop,Stopped: Autofill Profiles
2024-10-08T13:35:32.372Z P:15644 T:7512] ModelLoadManager::Stop,Stopped: Autofill
2024-10-08T13:35:32.372Z P:15644 T:7512] ModelLoadManager::Stop,Stopped: Typed URLs
2024-10-08T13:35:32.372Z P:15644 T:7512] ModelLoadManager::Stop,Stopped: Extensions
2024-10-08T13:35:32.372Z P:15644 T:7512] ModelLoadManager::Stop,Stopped: Sessions
2024-10-08T13:35:32.372Z P:15644 T:7512] ModelLoadManager::Stop,Stopped: Extension settings
2024-10-08T13:35:32.372Z P:15644 T:7512] ModelLoadManager::Stop,Stopped: History Delete Directives
2024-10-08T13:35:32.372Z P:15644 T:7512] ModelLoadManager::Stop,Stopped: Device Info
2024-10-08T13:35:32.372Z P:15644 T:7512] ModelLoadManager::Stop,Stopped: User Consents
2024-10-08T13:35:32.372Z P:15644 T:7512] ModelLoadManager::Stop,Stopped: Send Tab To Self
2024-10-08T13:35:32.372Z P:15644 T:7512] ModelLoadManager::Stop,Stopped: Web Apps
2024-10-08T13:35:32.372Z P:15644 T:7512] ModelLoadManager::Stop,Stopped: History
2024-10-08T13:35:32.372Z P:15644 T:7512] ModelLoadManager::Stop,Stopped: Collection
2024-10-08T13:35:32.372Z P:15644 T:7512] ModelLoadManager::Stop,Stopped: Edge E Drop
2024-10-08T13:35:32.372Z P:15644 T:7512] ModelLoadManager::Stop,Stopped: Edge Hub App Usage
2024-10-08T13:35:32.372Z P:15644 T:7512] ModelLoadManager::Stop,Stopped: Edge Tab Group
2024-10-08T13:35:32.372Z P:15644 T:7512] ModelLoadManager::Stop,Stopped: Edge Wallet
2024-10-08T13:35:32.372Z P:15644 T:7512] SyncServiceImpl::Initialize,SyncState after authenticated was: NotSignedIn
2024-10-08T13:35:32.654Z P:15644 T:7512] SyncServiceImpl::ResetEngine,Reset engine with reason: 8
2024-10-08T13:35:32.654Z P:15644 T:7512] ModelLoadManager::Stop,Stopped: Bookmarks
2024-10-08T13:35:32.654Z P:15644 T:7512] ModelLoadManager::Stop,Stopped: Preferences
2024-10-08T13:35:32.654Z P:15644 T:7512] ModelLoadManager::Stop,Stopped: Passwords
2024-10-08T13:35:32.654Z P:15644 T:7512] ModelLoadManager::Stop,Stopped: Autofill Profiles
2024-10-08T13:35:32.654Z P:15644 T:7512] ModelLoadManager::Stop,Stopped: Autofill
2024-10-08T13:35:32.654Z P:15644 T:7512] ModelLoadManager::Stop,Stopped: Typed URLs
2024-10-08T13:35:32.654Z P:15644 T:7512] ModelLoadManager::Stop,Stopped: Extensions
2024-10-08T13:35:32.654Z P:15644 T:7512] ModelLoadManager::Stop,Stopped: Sessions
2024-10-08T13:35:32.654Z P:15644 T:7512] ModelLoadManager::Stop,Stopped: Extension settings
2024-10-08T13:35:32.654Z P:15644 T:7512] ModelLoadManager::Stop,Stopped: History Delete Directives
2024-10-08T13:35:32.654Z P:15644 T:7512] ModelLoadManager::Stop,Stopped: Device Info
2024-10-08T13:35:32.654Z P:15644 T:7512] ModelLoadManager::Stop,Stopped: User Consents
2024-10-08T13:35:32.654Z P:15644 T:7512] ModelLoadManager::Stop,Stopped: Send Tab To Self
2024-10-08T13:35:32.654Z P:15644 T:7512] ModelLoadManager::Stop,Stopped: Web Apps
2024-10-08T13:35:32.654Z P:15644 T:7512] ModelLoadManager::Stop,Stopped: History
2024-10-08T13:35:32.654Z P:15644 T:7512] ModelLoadManager::Stop,Stopped: Collection
2024-10-08T13:35:32.654Z P:15644 T:7512] ModelLoadManager::Stop,Stopped: Edge E Drop
2024-10-08T13:35:32.654Z P:15644 T:7512] ModelLoadManager::Stop,Stopped: Edge Hub App Usage
2024-10-08T13:35:32.654Z P:15644 T:7512] ModelLoadManager::Stop,Stopped: Edge Tab Group
2024-10-08T13:35:32.654Z P:15644 T:7512] ModelLoadManager::Stop,Stopped: Edge Wallet
2024-10-08T14:37:40.114Z P:15644 T:7512] SyncServiceImpl::ResetEngine,Reset engine with reason: 0
2024-10-09T02:53:55.137Z P:17712 T:17708] SyncServiceImpl::ResetEngine,Reset engine with reason: 8
2024-10-09T02:53:55.137Z P:17712 T:17708] ModelLoadManager::Stop,Stopped: Bookmarks
2024-10-09T02:53:55.137Z P:17712 T:17708] ModelLoadManager::Stop,Stopped: Preferences
2024-10-09T02:53:55.137Z P:17712 T:17708] ModelLoadManager::Stop,Stopped: Passwords
2024-10-09T02:53:55.137Z P:17712 T:17708] ModelLoadManager::Stop,Stopped: Autofill Profiles
2024-10-09T02:53:55.137Z P:17712 T:17708] ModelLoadManager::Stop,Stopped: Autofill
2024-10-09T02:53:55.137Z P:17712 T:17708] ModelLoadManager::Stop,Stopped: Typed URLs
2024-10-09T02:53:55.138Z P:17712 T:17708] ModelLoadManager::Stop,Stopped: Extensions
2024-10-09T02:53:55.138Z P:17712 T:17708] ModelLoadManager::Stop,Stopped: Sessions
2024-10-09T02:53:55.138Z P:17712 T:17708] ModelLoadManager::Stop,Stopped: Extension settings
2024-10-09T02:53:55.138Z P:17712 T:17708] ModelLoadManager::Stop,Stopped: History Delete Directives
2024-10-09T02:53:55.138Z P:17712 T:17708] ModelLoadManager::Stop,Stopped: Device Info
2024-10-09T02:53:55.138Z P:17712 T:17708] ModelLoadManager::Stop,Stopped: User Consents
2024-10-09T02:53:55.138Z P:17712 T:17708] ModelLoadManager::Stop,Stopped: Send Tab To Self
2024-10-09T02:53:55.138Z P:17712 T:17708] ModelLoadManager::Stop,Stopped: Web Apps
2024-10-09T02:53:55.138Z P:17712 T:17708] ModelLoadManager::Stop,Stopped: History
2024-10-09T02:53:55.138Z P:17712 T:17708] ModelLoadManager::Stop,Stopped: Collection
2024-10-09T02:53:55.138Z P:17712 T:17708] ModelLoadManager::Stop,Stopped: Edge E Drop
2024-10-09T02:53:55.138Z P:17712 T:17708] ModelLoadManager::Stop,Stopped: Edge Hub App Usage
2024-10-09T02:53:55.138Z P:17712 T:17708] ModelLoadManager::Stop,Stopped: Edge Tab Group
2024-10-09T02:53:55.138Z P:17712 T:17708] ModelLoadManager::Stop,Stopped: Edge Wallet
2024-10-09T02:53:55.138Z P:17712 T:17708] SyncServiceImpl::Initialize,SyncState after authenticated was: NotSignedIn
2024-10-09T02:53:55.399Z P:17712 T:17708] SyncServiceImpl::ResetEngine,Reset engine with reason: 8
2024-10-09T02:53:55.399Z P:17712 T:17708] ModelLoadManager::Stop,Stopped: Bookmarks
2024-10-09T02:53:55.399Z P:17712 T:17708] ModelLoadManager::Stop,Stopped: Preferences
2024-10-09T02:53:55.399Z P:17712 T:17708] ModelLoadManager::Stop,Stopped: Passwords
2024-10-09T02:53:55.399Z P:17712 T:17708] ModelLoadManager::Stop,Stopped: Autofill Profiles
2024-10-09T02:53:55.399Z P:17712 T:17708] ModelLoadManager::Stop,Stopped: Autofill
2024-10-09T02:53:55.399Z P:17712 T:17708] ModelLoadManager::Stop,Stopped: Typed URLs
2024-10-09T02:53:55.399Z P:17712 T:17708] ModelLoadManager::Stop,Stopped: Extensions
2024-10-09T02:53:55.399Z P:17712 T:17708] ModelLoadManager::Stop,Stopped: Sessions
2024-10-09T02:53:55.399Z P:17712 T:17708] ModelLoadManager::Stop,Stopped: Extension settings
2024-10-09T02:53:55.399Z P:17712 T:17708] ModelLoadManager::Stop,Stopped: History Delete Directives
2024-10-09T02:53:55.399Z P:17712 T:17708] ModelLoadManager::Stop,Stopped: Device Info
2024-10-09T02:53:55.399Z P:17712 T:17708] ModelLoadManager::Stop,Stopped: User Consents
2024-10-09T02:53:55.399Z P:17712 T:17708] ModelLoadManager::Stop,Stopped: Send Tab To Self
2024-10-09T02:53:55.399Z P:17712 T:17708] ModelLoadManager::Stop,Stopped: Web Apps
2024-10-09T02:53:55.399Z P:17712 T:17708] ModelLoadManager::Stop,Stopped: History
2024-10-09T02:53:55.399Z P:17712 T:17708] ModelLoadManager::Stop,Stopped: Collection
2024-10-09T02:53:55.399Z P:17712 T:17708] ModelLoadManager::Stop,Stopped: Edge E Drop
2024-10-09T02:53:55.399Z P:17712 T:17708] ModelLoadManager::Stop,Stopped: Edge Hub App Usage
2024-10-09T02:53:55.399Z P:17712 T:17708] ModelLoadManager::Stop,Stopped: Edge Tab Group
2024-10-09T02:53:55.399Z P:17712 T:17708] ModelLoadManager::Stop,Stopped: Edge Wallet
2024-10-09T02:55:56.938Z P:17712 T:17708] SyncServiceImpl::ResetEngine,Reset engine with reason: 0
2024-10-09T02:56:26.255Z P:5480 T:15740] SyncServiceImpl::ResetEngine,Reset engine with reason: 8
2024-10-09T02:56:26.255Z P:5480 T:15740] ModelLoadManager::Stop,Stopped: Bookmarks
2024-10-09T02:56:26.255Z P:5480 T:15740] ModelLoadManager::Stop,Stopped: Preferences
2024-10-09T02:56:26.255Z P:5480 T:15740] ModelLoadManager::Stop,Stopped: Passwords
2024-10-09T02:56:26.255Z P:5480 T:15740] ModelLoadManager::Stop,Stopped: Autofill Profiles
2024-10-09T02:56:26.255Z P:5480 T:15740] ModelLoadManager::Stop,Stopped: Autofill
2024-10-09T02:56:26.255Z P:5480 T:15740] ModelLoadManager::Stop,Stopped: Typed URLs
2024-10-09T02:56:26.255Z P:5480 T:15740] ModelLoadManager::Stop,Stopped: Extensions
2024-10-09T02:56:26.255Z P:5480 T:15740] ModelLoadManager::Stop,Stopped: Sessions
2024-10-09T02:56:26.255Z P:5480 T:15740] ModelLoadManager::Stop,Stopped: Extension settings
2024-10-09T02:56:26.255Z P:5480 T:15740] ModelLoadManager::Stop,Stopped: History Delete Directives
2024-10-09T02:56:26.255Z P:5480 T:15740] ModelLoadManager::Stop,Stopped: Device Info
2024-10-09T02:56:26.255Z P:5480 T:15740] ModelLoadManager::Stop,Stopped: User Consents
2024-10-09T02:56:26.255Z P:5480 T:15740] ModelLoadManager::Stop,Stopped: Send Tab To Self
2024-10-09T02:56:26.255Z P:5480 T:15740] ModelLoadManager::Stop,Stopped: Web Apps
2024-10-09T02:56:26.255Z P:5480 T:15740] ModelLoadManager::Stop,Stopped: History
2024-10-09T02:56:26.255Z P:5480 T:15740] ModelLoadManager::Stop,Stopped: Collection
2024-10-09T02:56:26.255Z P:5480 T:15740] ModelLoadManager::Stop,Stopped: Edge E Drop
2024-10-09T02:56:26.255Z P:5480 T:15740] ModelLoadManager::Stop,Stopped: Edge Hub App Usage
2024-10-09T02:56:26.255Z P:5480 T:15740] ModelLoadManager::Stop,Stopped: Edge Tab Group
2024-10-09T02:56:26.255Z P:5480 T:15740] ModelLoadManager::Stop,Stopped: Edge Wallet
2024-10-09T02:56:26.255Z P:5480 T:15740] SyncServiceImpl::Initialize,SyncState after authenticated was: NotSignedIn
2024-10-09T02:56:26.509Z P:5480 T:15740] SyncServiceImpl::ResetEngine,Reset engine with reason: 8
2024-10-09T02:56:26.509Z P:5480 T:15740] ModelLoadManager::Stop,Stopped: Bookmarks
2024-10-09T02:56:26.509Z P:5480 T:15740] ModelLoadManager::Stop,Stopped: Preferences
2024-10-09T02:56:26.509Z P:5480 T:15740] ModelLoadManager::Stop,Stopped: Passwords
2024-10-09T02:56:26.509Z P:5480 T:15740] ModelLoadManager::Stop,Stopped: Autofill Profiles
2024-10-09T02:56:26.509Z P:5480 T:15740] ModelLoadManager::Stop,Stopped: Autofill
2024-10-09T02:56:26.509Z P:5480 T:15740] ModelLoadManager::Stop,Stopped: Typed URLs
2024-10-09T02:56:26.509Z P:5480 T:15740] ModelLoadManager::Stop,Stopped: Extensions
2024-10-09T02:56:26.509Z P:5480 T:15740] ModelLoadManager::Stop,Stopped: Sessions
2024-10-09T02:56:26.509Z P:5480 T:15740] ModelLoadManager::Stop,Stopped: Extension settings
2024-10-09T02:56:26.509Z P:5480 T:15740] ModelLoadManager::Stop,Stopped: History Delete Directives
2024-10-09T02:56:26.509Z P:5480 T:15740] ModelLoadManager::Stop,Stopped: Device Info
2024-10-09T02:56:26.509Z P:5480 T:15740] ModelLoadManager::Stop,Stopped: User Consents
2024-10-09T02:56:26.509Z P:5480 T:15740] ModelLoadManager::Stop,Stopped: Send Tab To Self
2024-10-09T02:56:26.509Z P:5480 T:15740] ModelLoadManager::Stop,Stopped: Web Apps
2024-10-09T02:56:26.509Z P:5480 T:15740] ModelLoadManager::Stop,Stopped: History
2024-10-09T02:56:26.509Z P:5480 T:15740] ModelLoadManager::Stop,Stopped: Collection
2024-10-09T02:56:26.509Z P:5480 T:15740] ModelLoadManager::Stop,Stopped: Edge E Drop
2024-10-09T02:56:26.509Z P:5480 T:15740] ModelLoadManager::Stop,Stopped: Edge Hub App Usage
2024-10-09T02:56:26.509Z P:5480 T:15740] ModelLoadManager::Stop,Stopped: Edge Tab Group
2024-10-09T02:56:26.509Z P:5480 T:15740] ModelLoadManager::Stop,Stopped: Edge Wallet
2024-10-09T03:22:56.361Z P:5480 T:15740] SyncServiceImpl::ResetEngine,Reset engine with reason: 0
